  -25.5511653814094     
  -5.25586438766594     
  -22.1369333883450     
  -7.84362893253933     
  -9.27986523662029     
  -1.44173879658746     
   3.60110462294468     
 -0.997253798268902     
  9.738855846215477E-003
  2.456039447306643E-003
  3.669054852239340E-003
 -3.512893429962294E-002
  2.303429975047935E-002
 -8.095900692943026E-003
  0.115677124711975     
 -2.585444755876909E-002
  3.458557006946172E-002
  5.043247581477450E-002
 -8.339917781044814E-003
  1.561560729688793E-002
 -5.239254287874300E-003
  1.008354499487574E-002
 -1.638826440045760E-004
 -1.671575511568460E-002
  9.083832113078838E-003
 -4.131533768693185E-003
  5.896656561415331E-003
 -2.098767253899902E-003
  1.632808023677879E-003
 -1.562513448740915E-002
  1.787656751508127E-002
 -5.232884790036396E-002
 -1.377511090529655E-002
  2.388711920551643E-002
  3.846549350332840E-002
  6.657159382854438E-003
  8.920130850645822E-002
  3.785633820510012E-002
 -4.644838295979213E-002
  2.655264329954155E-002
  8.915684876726004E-003
  5.804478798078694E-002
  2.639988708906071E-002
 -3.096847278304182E-002
 -9.820415399413251E-003
 -4.635257368672985E-003
 -2.095918150079776E-002
 -1.005016756286192E-002
  1.111700590398801E-002
  3.361497698672389E-003
  9.545216924137012E-003
 -3.195691154602665E-003
  2.846836785031170E-003
 -1.956629535189158E-003
  2.395540576262581E-003
  3.210031379268119E-003
  2.679011420269592E-003
  2.380207659938682E-003
 -2.209988869687818E-003
 -5.265103147717609E-003
  3.936071563986591E-002
  6.877718387920437E-002
 -4.802003155482010E-002
  1.298029956004444E-002
 -1.745623894700925E-002
 -1.981519048212592E-002
  4.989944071499164E-003
 -2.307936342407857E-002
 -4.498016151649906E-002
  2.978821606343006E-002
 -7.900473006707799E-003
  7.475624793882890E-003
  1.365364583510315E-002
 -1.698832311953974E-003
  6.417326735125475E-003
  2.196224947575705E-002
 -1.533310421173641E-002
  1.592468473126385E-003
  1.474102271221828E-003
 -3.206988004195860E-003
 -1.236383742687028E-002
 -1.823569689050439E-003
  2.468474430539208E-002
 -3.748840012591459E-002
 -1.064725920583753E-002
 -1.495542145203699E-004
 -3.928286024358450E-002
 -3.201259495197510E-002
 -2.571735329233549E-003
 -0.110366228384803     
  9.293106601837063E-002
  0.258321080233393     
 -4.787115870948083E-002
  4.462495472092958E-002
 -0.115111819350520     
 -3.854872743372706E-003
  9.998116975386662E-002
 -0.235611334432343     
 -4.889709541285828E-003
 -0.104099843627172     
  0.267706806378984     
  8.756414830315135E-003
 -8.540196676915766E-003
 -0.271853752621823     
  0.347570420495202     
  1.570720421225479E-002
 -5.350864099126651E-002
 -0.164347158233963     
  0.152599453763271     
  0.210723577373828     
 -5.597731771535969E-002
  0.155270249903053     
  0.155706917696378     
  7.697879964482973E-002
  0.270133072695345     
  0.259255933646119     
  0.132124147868052     
 -0.135569426265315     
 -0.143289857106449     
 -6.842153480831707E-002
  0.230348262738678     
  0.463855590087467     
  8.894949642359755E-002
  0.226576650167394     
 -0.175849681785258     
  -25.5540890458067     
  -5.25663572459780     
  -22.1409634312449     
  -7.84612977642676     
  -9.28153561523675     
  -1.44239555889001     
   3.60223200443960     
 -0.997470352391650     
 -7.410330915974539E-003
  4.956657098364570E-003
 -8.355090331582105E-003
  1.813018426860880E-002
  2.319198313247384E-002
  3.161590695762984E-002
 -7.275711321921063E-002
 -1.256367482246390E-002
 -0.101270853589872     
 -3.216766529690185E-002
 -1.550047776415764E-003
 -4.355466844693012E-002
  1.557172301530185E-003
  1.204116510597625E-002
  5.903858485538649E-003
  9.257585485487496E-003
  8.641080691428660E-003
  1.510702599842650E-002
 -3.460267819827556E-003
 -1.615495441681172E-003
 -5.137556548307942E-003
 -2.637820132312205E-002
  1.479485962538052E-003
 -5.019279784611158E-002
 -3.586709105603830E-002
 -1.322945672110405E-002
  5.795369911440006E-002
 -3.497398479882341E-002
  8.545737967305428E-002
  2.124629111551371E-002
  1.622046599940510E-002
  3.927895897886863E-002
 -2.752137025662749E-002
  5.736251998603759E-002
  8.862009442661523E-003
  9.668614168066803E-003
 -1.392390940960081E-002
  1.040163673533057E-002
 -1.959306885275036E-002
 -1.813056044377065E-003
 -3.146961173689233E-003
  3.868969981795201E-003
 -8.481203477509025E-003
 -2.359003300419493E-003
 -1.158307546525997E-002
 -1.696262583368136E-003
  3.053600110665258E-003
 -3.790324803281231E-003
  2.728403827638753E-003
 -2.569592137565233E-003
  4.568255374788610E-005
 -1.253018626683393E-002
  3.629128986834518E-002
 -4.528441682710257E-002
 -2.845578273765370E-002
 -6.822696349379864E-002
 -1.970166645630203E-002
  1.185352742434043E-002
  1.046555260978760E-002
 -1.799362736082252E-002
  2.773615400903662E-002
  1.626565303173627E-002
  4.350469813885238E-002
  1.438844995608779E-002
 -7.084452839058328E-003
 -3.230078917124318E-003
 -6.817240739145081E-004
 -1.015236531044569E-002
 -8.582806794502254E-003
 -2.256563081544828E-002
 -8.759517108518928E-003
  2.973597220221023E-004
 -1.781964353343365E-004
 -9.678722266409354E-003
  5.365549661433704E-002
  3.305129077908045E-003
 -2.466635798535629E-002
  2.229295996631183E-002
  1.686416541128070E-002
  2.893947305304869E-002
 -9.267168339672782E-003
 -0.104141707201892     
  8.321226813372913E-002
  0.261032596040889     
 -4.515637024309263E-002
 -1.518509466660782E-002
 -9.609296002647116E-002
 -5.049108122394250E-002
 -3.701347815222256E-002
 -0.202632417210537     
 -0.113209317612391     
  4.059811152506448E-002
  0.259448685736796     
  0.135860562971139     
  4.991675623505691E-002
  9.640603275405271E-002
  0.265423150388799     
  0.301131640876392     
  7.338683054680911E-002
 -0.176237623126480     
  0.162141258864921     
  0.196892484962036     
 -5.554897978444388E-002
 -0.132424311299627     
  0.183952349246414     
 -0.118835543353935     
 -0.220481891502652     
  0.298474638412379     
 -0.200387601287202     
  9.615022814323401E-002
 -0.141921536183385     
  8.366471048800489E-002
  0.261849593873507     
 -0.403037809104748     
  0.162963072518472     
 -0.366497158472622     
 -2.849881553675839E-002
