-3.665477506048990364e+00
5.327360948645027072e+00
6.111579283789342343e-01
-7.518101785029790429e-01
-2.659788065637069376e+00
2.729433158844643881e+00
1.623985028464348002e+00
3.653826004944847661e+00
-5.356465153006569058e-02
1.140901230772521820e-02
-1.600358194971678721e-02
-8.887934052943581575e-02
1.515936355883990526e-02
-2.716658132551028407e-02
-6.213559922851971673e-02
1.878022919861516626e-04
-2.068136886630621632e-02
5.184209709221926365e-02
-2.169575986101093118e-03
1.692863328211495488e-02
4.599306314204529983e-02
-3.276174291484350732e-03
1.479939556632486886e-02
-2.568570344768696459e-02
8.895273397086504068e-04
-8.417552300238514626e-03
-3.049503418748047631e-02
-2.542803571500059788e-04
-1.020626045337141678e-02
-3.154451642164293745e-02
-6.436861380933851188e-04
-7.514177728503532161e-02
-3.023682063046826893e-02
3.944955798432234206e-02
-1.649522274793420798e-02
-8.593424931300762751e-03
-3.528976572061046785e-02
-1.712980406461480851e-02
1.851226142443507597e-02
7.427689756989794972e-03
4.761311373281629407e-03
1.635333008571131230e-02
8.110706416818477815e-03
-8.086668083726804984e-03
-5.767610286607445513e-03
-2.683526181256932520e-03
-1.336132189667606218e-02
-6.184960432810234464e-03
6.535193766093064759e-03
6.919351900572487044e-03
3.590529820961590665e-03
1.571387775580048232e-02
7.440670844620240858e-03
-7.748210218409822513e-03
-4.993449733037422060e-03
-3.214191713144414972e-03
-1.064577029879713518e-02
-5.357422200658091410e-03
5.440955711109885309e-03
-2.499944159823710727e-04
1.074448770731190050e-02
2.066459315989271212e-02
-1.468295301307989340e-02
3.499921007632312338e-03
-4.703762825958739124e-03
-3.668871728351336039e-03
-2.352735912294836467e-04
-2.970480351741890557e-03
-6.717511160072473300e-03
4.329301835058731174e-03
-1.137693890916386188e-03
1.071487699709710402e-03
5.094888011014010341e-04
8.677408157432030039e-04
1.853185054650325313e-04
1.219282650502882814e-03
-4.611429932628511967e-04
2.856386395716447278e-04
-1.967737797912357282e-04
1.167191937064811311e-03
-8.649401868255060435e-04
-1.709588175980399148e-04
2.047894833761780727e-03
-3.857490059655930247e-03
-1.367030995453710328e-03
-4.060377764407417135e-04
-3.681658689192338595e-03
-2.784325416302543474e-03
-2.806506740486022712e-04
-5.697678833339916427e-01
2.801416900920240538e-01
2.001708740064792602e-01
4.563405183237793095e-01
3.250570972407387793e-02
-9.940436877093784818e-02
-5.294608036604537236e-03
1.627669060207901502e-02
-4.972348968426260757e-02
-2.642815881267948121e-03
-1.974938886002472124e-02
6.000411555642930911e-02
3.153435048146660709e-03
-1.103471995827238128e-03
-8.702934492208606182e-03
1.220046102394031079e-02
5.809200565855181329e-04
-5.998430482363488036e-04
-6.435817133405440371e-01
3.103660510358123292e-01
2.239023364376036551e-01
5.078082137759870607e-01
7.538741076941661567e-02
8.520195813415824826e-02
3.895438851726085172e-02
3.625516895943767248e-02
4.091668046770743916e-02
1.872438025741855749e-02
-4.524101798962172627e-02
-5.042924999256865465e-02
-2.326321521472425949e-02
5.318121452034581080e-03
1.338101950557397078e-02
2.791171131159457704e-03
6.236661107134423843e-03
-3.327936595860205883e-03
-3.665553456028459500e+00
5.326081838940226909e+00
6.107959459164538085e-01
-7.517311161911428563e-01
-2.658631289346053528e+00
2.728611934611278933e+00
1.623536580271250029e+00
3.652794308881593732e+00
3.342068177265306028e-02
5.023151768149596019e-03
4.619701222352474990e-02
5.619510452264617900e-02
3.458103169976842195e-03
7.610758244244589243e-02
4.141562794533037301e-02
-1.103687812893241679e-02
5.181434555681768694e-02
-3.425409208982223980e-02
6.628944916291546439e-03
-4.364150575635736273e-02
-3.010574248205885248e-02
4.173654392838429053e-03
-3.887649633449874464e-02
1.689918684446023445e-02
-3.566527137341574637e-03
2.143721994261625977e-02
2.027518676750751300e-02
-5.920839948136314042e-03
2.520295092846602109e-02
-4.841377922690135588e-02
2.594575427448048144e-02
-7.287690840334030973e-02
-2.308747793846881516e-02
-1.475752738025513759e-02
-2.378282971840305765e-02
1.898628248956802170e-02
-3.432486648195259837e-02
-1.973455780241940329e-03
-5.039159240202262247e-03
1.049576564792428432e-02
-9.241522256935712568e-03
1.588268479526957697e-02
1.144743410079856723e-04
2.003102029329736217e-03
-8.282826220121181776e-03
6.550638257864180650e-03
-1.297406184311609631e-02
-1.356561448488533906e-03
-1.867601276020766123e-03
9.905175022197006823e-03
-8.044564439704006420e-03
1.518949867922522214e-02
1.147445717391498612e-03
2.133807596143245597e-03
-7.005635328476538144e-03
6.253963007863243447e-03
-1.051429853093289145e-02
9.022962247037474392e-05
-1.300705729981812935e-03
-1.311739538461284592e-03
8.974421903383107690e-03
-1.304888749166840771e-02
-8.863507368612230652e-03
-2.104845657912480031e-02
-5.821872519590545574e-03
2.168232805111611466e-03
-1.852344759724075876e-04
-1.938666360585646758e-03
4.160620097026316959e-03
2.395387645058876230e-03
6.859530156615341323e-03
1.983756654789068166e-03
-2.346109625634760338e-04
1.475087592280559159e-03
-2.026754423043492133e-04
-8.836186604398030752e-04
-1.518690754041553646e-04
-1.448889352233500259e-03
-2.049157889379651541e-04
-6.183848972357466715e-04
-1.240272858365074006e-04
-7.188912411329261660e-04
4.904020939653283388e-03
7.560635292495277359e-04
-2.712789917903789608e-03
2.145077722466168929e-03
1.787319155326866490e-03
2.504905288480499450e-03
-5.628921523244869579e-04
-5.599194421559089418e-01
2.754579944789445900e-01
1.966200814101218552e-01
4.486237918960488957e-01
-1.059917355148764541e-02
-9.154419043902663200e-02
-4.296778109607689300e-02
-5.362241121421527576e-03
-4.596900340569031601e-02
-2.162951924845666132e-02
6.503847012667708996e-03
5.519942964153737308e-02
2.605927649033786334e-02
4.082525936503339763e-04
3.388935962850943978e-03
9.734286495801625430e-03
1.035288092576880023e-02
2.148716280475535326e-03
-6.576138478844389956e-01
3.153223829997282013e-01
2.279455454632063616e-01
5.165329516348227124e-01
-6.093705927133021005e-02
9.233422658097040214e-02
-5.228248266033343888e-02
-2.905256320892639701e-02
4.394586670809607493e-02
-2.495021358656191596e-02
3.633880175227716808e-02
-5.440987336338512503e-02
3.138307258321465509e-02
5.183340792288108206e-03
-1.074095899031174070e-02
4.656835015778477277e-03
-1.020652077419491148e-02
-1.354478140243755300e-03
