  -3.66357837906300     
   5.28084143531331     
  0.594064168676738     
 -0.751567463932575     
  -2.58645398393711     
   2.62772459250615     
   1.55052499009997     
   3.48146656097156     
 -6.107110866492342E-002
  4.533090831393944E-003
 -1.966539665661717E-002
 -0.107480243097149     
 -1.767022552766657E-003
 -3.611451190757330E-002
 -9.287562506482212E-002
 -2.762235381236607E-002
 -3.523572121331444E-002
  7.496645384697485E-002
  1.881821040456754E-002
  2.790921891632784E-002
  7.156485308275819E-002
  2.021337273078305E-002
  2.699528529860681E-002
 -4.805883797532440E-002
 -1.989131072313467E-002
 -1.912452251610331E-002
 -5.798075774483678E-002
 -2.576458553282282E-002
 -2.337116216435661E-002
 -3.589226705765311E-002
 -8.676929897585254E-003
 -7.713755400286158E-002
 -3.432899913155175E-002
  4.280316421556365E-002
 -2.375560874368844E-002
 -2.232980962293432E-002
 -3.849626826927302E-002
 -2.413597299729428E-002
  2.428504900259845E-002
  9.940184539680055E-003
  9.514030460043192E-003
  1.738345296311548E-002
  1.051298227406773E-002
 -1.009329232969324E-002
 -8.964080524171291E-003
 -8.784260549491328E-003
 -1.434823341616071E-002
 -9.163607048090012E-003
  9.075362089609516E-003
  9.438744009452726E-003
  8.359409920558173E-003
  1.664703031333120E-002
  9.821300774024457E-003
 -9.758198709418582E-003
 -9.075339094874462E-003
 -1.106503060264931E-002
 -1.182990562573075E-002
 -9.157179645336270E-003
  8.671501851028933E-003
 -8.099054762175618E-005
  9.181810017623481E-003
  1.924625838109603E-002
 -1.383503748612783E-002
  2.842525323819364E-003
 -3.544243336311665E-003
 -2.766778297027434E-003
 -4.122953851099254E-004
 -1.497850314878821E-003
 -5.381041683255225E-003
  3.529292852053417E-003
 -5.410263564035561E-004
 -2.900489554758691E-005
 -3.377912709049935E-004
  1.090625110014084E-003
 -1.593472785133805E-003
 -3.699790748480418E-004
  4.859819071924507E-004
 -4.354433548109062E-004
  1.135854321753880E-003
  2.204900822110923E-003
 -7.412895153813155E-004
 -1.090089046745517E-004
  1.784698747636265E-003
 -3.850084196089017E-003
 -1.219220801953087E-003
 -4.494239389259238E-004
 -3.475444795105951E-003
 -2.481687496609437E-003
 -2.507788691462519E-004
 -0.572988822731666     
  0.282664448268560     
  0.202230505134787     
  0.461282497576945     
  3.318871189193032E-002
 -0.100455547810494     
 -5.346492782360140E-003
  1.657620037566425E-002
 -5.076540540001340E-002
 -2.763809967978197E-003
 -1.994526176962202E-002
  6.161301591132401E-002
  3.414755699324791E-003
 -9.852564152332808E-004
 -8.745953320498729E-003
  1.216413898358656E-002
  6.016604610787948E-004
 -7.681640677507757E-004
 -0.744133439841959     
  0.406749833118267     
  0.302563987652761     
  0.688437673605029     
  8.990107381899035E-002
  9.874993693575294E-002
  4.588928827281206E-002
  4.791038298194390E-002
  5.198938090183637E-002
  2.435448655523329E-002
 -6.090114314143451E-002
 -6.548523525306077E-002
 -3.085914875687131E-002
  6.264082039225544E-003
  1.500049387183925E-002
  3.068228154549885E-003
  7.049966239117948E-003
 -4.141737104212656E-003
  -3.66317960056980     
   5.26929878130586     
  0.590128691186767     
 -0.750964345985217     
  -2.57022215494953     
   2.60725822056573     
   1.53617516837825     
   3.44797971892964     
  4.065986068257980E-002
 -5.264309453024003E-003
  5.266197706536342E-002
  7.398280083022818E-002
 -2.179649593844504E-002
  9.190693773728631E-002
  7.039932130211905E-002
 -5.222299697130076E-002
  7.737094475202964E-002
 -5.594457343275253E-002
  3.756355593986251E-002
 -6.274977901447698E-002
 -5.403016214268643E-002
  3.854417418524615E-002
 -5.988004645765466E-002
  3.787942607021759E-002
 -3.386383262713372E-002
  3.980581262594112E-002
  4.601730715872968E-002
 -4.309628643192722E-002
  4.775080997147156E-002
 -5.425831015024017E-002
  3.462770305449366E-002
 -7.599585010136492E-002
 -1.504192544106837E-002
 -1.421954205027551E-002
 -3.366414900399039E-002
  3.358384299593734E-002
 -3.920607271490745E-002
  1.171426006859462E-002
 -4.072144950332463E-003
  1.387924278917283E-002
 -1.419065041229967E-002
  1.742368521963966E-002
 -4.586852030377429E-003
  1.670971208055992E-003
 -1.259975851287327E-002
  1.284184932270819E-002
 -1.469511307187821E-002
  4.746970687166580E-003
 -1.432962709318899E-003
  1.329372071552472E-002
 -1.297654217719203E-002
  1.663722221885510E-002
 -3.580380121427683E-003
  1.802762958066449E-003
 -1.252917197454005E-002
  1.436831433463720E-002
 -1.272600555264672E-002
  7.983044684799823E-003
 -7.232973625926601E-004
 -7.534106356117391E-004
  6.686086967578425E-003
 -1.147548987894282E-002
 -8.346667016434507E-003
 -1.968411646951397E-002
 -5.645238538475776E-003
  1.425644639992892E-003
 -7.150855260782693E-004
  1.773364420288972E-004
  2.721681719970735E-003
  1.922619242640442E-003
  5.642692549848360E-003
  1.826789404974095E-003
  4.672144107068190E-004
  2.132068630621398E-003
 -2.719672656123661E-003
  8.074340544353241E-004
  3.732408092580972E-004
 -6.222762603318638E-005
 -3.040878543797240E-005
 -1.464414432249878E-003
 -1.024303852934018E-004
 -5.100836143766015E-004
  4.492992935638763E-003
  8.734965901085434E-004
 -2.515077964220738E-003
  2.220367750456896E-003
  1.846725049489227E-003
  2.245810021597773E-003
 -4.416631375157235E-004
 -0.556219577587712     
  0.271368980434747     
  0.193339800428271     
  0.441335395978460     
 -1.046952572603019E-002
 -9.117902311578055E-002
 -4.261071290967398E-002
 -5.023127715824642E-003
 -4.589720190935515E-002
 -2.112060507177269E-002
  5.849149782052288E-003
  5.535320129097492E-002
  2.519119156001132E-002
  5.868202575008755E-004
  3.285429829083421E-003
  9.583726821905107E-003
  1.017773445453665E-002
  2.160115472522719E-003
 -0.784816119549678     
  0.436915057143109     
  0.326936770240284     
  0.743904634315664     
 -7.469585083975511E-002
  0.110941681558430     
 -6.470136731950861E-002
 -4.004595552570771E-002
  5.892251514454954E-002
 -3.486536126174902E-002
  5.107533258286638E-002
 -7.457676964444579E-002
  4.464722775600284E-002
  6.509130166561055E-003
 -1.249681380223545E-002
  5.364002728744809E-003
 -1.173110811481172E-002
 -1.415844247250018E-003
