  -25.5544519877808     
  -5.25989647133902     
  -22.1405377508492     
  -7.84416087051496     
  -9.27924806154651     
  -1.43980534497084     
   3.60098959780529     
 -0.997446509069135     
  5.853426674123696E-003
 -4.103753405066426E-003
  5.861321073939774E-003
 -2.550114405591253E-002
 -6.302946755691319E-003
 -3.649736299632259E-002
  7.773663199513736E-002
 -1.287884849253446E-002
  9.643796320217701E-002
  3.319352253988495E-002
 -7.338031695204195E-003
  4.043220791449320E-002
 -4.542626460617427E-003
 -5.732446691468440E-003
 -8.598290637003014E-003
 -1.205783613491418E-002
 -1.526773242120028E-003
 -1.654116118987570E-002
  4.130385227647970E-003
 -2.616095499702875E-004
  5.315282834815416E-003
 -3.302039779285630E-002
  1.065744063775675E-002
 -3.954999996905913E-002
 -3.709187995576471E-002
 -1.564164403963902E-002
  5.367980932907457E-002
 -3.860266513511079E-002
  8.024092141604577E-002
  4.499551344647951E-002
  1.824805753355091E-002
  3.468289825276856E-002
 -2.727151011116180E-002
  5.353746214883864E-002
  2.736453230355584E-002
  1.097632392009329E-002
 -1.222905394690269E-002
  1.116882067390749E-002
 -2.031008753668195E-002
 -8.756849724443683E-003
 -3.397540636143281E-003
 -2.690984607628677E-004
 -4.911271360960950E-003
  5.022305366967350E-004
 -6.461829845044509E-003
 -2.363208175559572E-003
  1.848069825384772E-003
 -3.110265543001423E-003
  3.553127524287991E-003
 -2.117235135077333E-004
 -8.221662416926789E-005
  7.044860935584013E-003
 -5.422412104599983E-003
  5.712668348843106E-002
 -1.565718975537542E-002
  5.833218214202790E-002
  4.056896636070992E-002
 -1.398171084250034E-003
 -7.973527970731253E-003
  1.914014239106421E-003
 -3.609055334207950E-002
  1.091831227459786E-002
 -3.738404153142684E-002
 -2.755865537962543E-002
  1.527682165740590E-003
  4.577072508406582E-003
  3.754206841180580E-003
  1.529252275913442E-002
 -4.922621519889266E-003
  2.024610454613365E-002
  1.483468753360272E-002
  9.248882415484466E-004
  3.094808628747503E-003
  1.890939436363098E-002
  4.912238466124792E-002
 -2.414067952405912E-002
 -2.479193544389115E-002
 -5.615533732633161E-003
  4.781862292486283E-003
  2.569455292412569E-002
 -1.911873270921474E-004
 -0.149447123194824     
  0.137831812060145     
  0.227638982634291     
 -5.558720245954423E-002
  9.737682364552688E-002
 -0.169786140856657     
  5.080508111657117E-002
  0.177267849244845     
 -0.299422714702463     
  9.699450392964409E-002
 -0.109699005939373     
  0.196690872030164     
 -5.483215566181250E-002
  0.119707916414074     
 -0.392411762564569     
  0.301771559866847     
 -0.213095601318141     
 -8.306454697035520E-002
 -0.109895692255617     
  9.128302041277193E-002
  0.257976330952292     
 -4.733845933954323E-002
  2.579351595954790E-002
  9.202669940976711E-002
  7.536121783538108E-002
  5.861495766422287E-002
  0.186113847074430     
  0.161004160568288     
 -6.093925506818759E-002
 -0.217347343884441     
 -0.178134587148371     
  0.106055596679308     
  0.129329172500125     
  0.143790351322606     
  0.358402631531997     
  0.132385995417853     
  -25.5482524734962     
  -5.25494499266118     
  -22.1327831600013     
  -7.84119165501130     
  -9.27847776816394     
  -1.44114640177903     
   3.59981704695126     
 -0.997004875846264     
 -7.028334096807809E-003
 -1.574604683550085E-003
 -5.357922931412212E-003
  3.125973538848426E-002
 -1.795338055216256E-003
  2.721704358677429E-002
 -9.429932838203237E-002
 -5.908594699176817E-003
 -7.752678528632140E-002
 -4.084968051349680E-002
 -3.308982587146403E-003
 -3.339789027451834E-002
  5.165577042070324E-003
 -1.865217992672363E-003
  5.124845932075628E-003
  1.455509653026632E-002
 -4.449467342491076E-004
  1.246388900523915E-002
 -5.051899369385299E-003
 -1.027778085223030E-004
 -4.224744455485513E-003
 -2.947468794589689E-002
 -1.330559117669497E-002
 -3.825858324680677E-002
  2.871424728263006E-002
  2.547350296505380E-003
  4.954313343415775E-002
  3.539028205708683E-002
  8.422196500751611E-002
 -5.187511282956003E-002
 -6.609802647989577E-003
  3.225762517776570E-002
  2.419384566347371E-002
  5.562231208732399E-002
 -3.337550101976341E-002
 -4.656084941973115E-003
 -1.162507851228572E-002
 -9.585903544423735E-003
 -2.198837465999204E-002
  1.273052765542197E-002
  1.739884948198545E-003
  5.296945541462539E-004
  2.609774783367325E-003
  1.442825657567925E-003
  8.740340004801395E-004
 -8.419803723376251E-004
  1.959127183677870E-003
  2.248659150171167E-003
  4.014792581357951E-003
 -1.851688660967302E-003
 -4.926032955037407E-004
 -3.760480787475956E-003
  1.225674109892950E-002
 -6.854934090811717E-002
 -8.784250637516949E-003
 -5.091742809232547E-002
  4.354856919540306E-002
  3.692857855881679E-003
  4.077243136332148E-003
 -8.655078088538205E-003
  4.360786519489622E-002
  5.887484431407353E-003
  3.269136529572381E-002
 -2.880557526412036E-002
 -4.664121431788869E-003
 -2.060965543845800E-003
  5.173844502959317E-003
 -1.840116531219152E-002
 -2.298488907550578E-003
 -1.519999974344835E-002
  1.220012060000687E-002
  1.357789535286792E-003
  1.649036093389677E-003
 -3.080476498249655E-002
  4.701102308411609E-002
  1.867781073129948E-002
 -2.512378815277059E-002
 -8.241160023975819E-003
 -1.172828182812730E-002
 -1.261427238970372E-002
 -4.620137181000489E-004
 -0.142098933917729     
  0.131851266680431     
  0.234639758692229     
 -5.518762284008980E-002
 -0.101648542419561     
 -0.157346942928434     
 -2.549215267497784E-002
 -0.191002406501520     
 -0.282976702958033     
 -5.288051141949111E-002
  0.129048321091761     
  0.202951791432452     
  3.120127842520002E-002
  7.182207019505647E-002
  0.423462089623755     
  0.279952537970757     
  0.115553645786361     
 -0.130398305929702     
 -0.128279146993062     
  0.116483921842718     
  0.246985199671099     
 -5.313133531506585E-002
 -4.618256445322463E-002
  0.127067438038673     
 -8.736125740189180E-002
 -9.549810372689078E-002
  0.238731905043989     
 -0.171603991164228     
  7.477352233964549E-002
 -0.207894608004880     
  0.142337107365969     
  0.141714117866406     
 -0.206143837210733     
  0.204112222467936     
 -0.372858205516643     
  9.346007992485644E-002
