  -3.66427774382932     
   5.29601280197891     
  0.600203489797535     
 -0.751697159777389     
  -2.61235837295552     
   2.66087440480756     
   1.57322939645421     
   3.53415397720404     
 -3.984445487502281E-002
  1.242795918473591E-002
 -4.667718499395025E-002
 -6.906395004178059E-002
  2.841234672154742E-002
 -7.768513832295655E-002
 -5.689566660008475E-002
  4.206878692497745E-002
 -5.524353112084758E-002
  4.638524306901429E-002
 -3.173816112231085E-002
  4.625040105990107E-002
  4.411492352036579E-002
 -3.169838512551892E-002
  4.328290693278129E-002
 -2.894440040546076E-002
  2.533250013243163E-002
 -2.630033462871527E-002
 -3.476388592285768E-002
  3.183151472771611E-002
 -3.097025521703111E-002
 -4.871570506175991E-002
  3.579252533638696E-002
 -7.077912622896210E-002
 -3.802783355177562E-002
 -1.583685835080032E-002
 -2.344208550718131E-002
  2.803916517509340E-002
 -4.233246362585878E-002
 -1.068609737726862E-002
 -4.043162805821474E-003
  9.763259952502304E-003
 -1.199284842903440E-002
  1.883465586117536E-002
  5.063003375934542E-003
  1.753528988167057E-003
 -8.718640347316934E-003
  1.067293076168879E-002
 -1.600488294644542E-002
 -3.864228254802950E-003
 -1.431372228002908E-003
  9.636153605973542E-003
 -1.117429905810108E-002
  1.779734596854867E-002
  5.216549224972396E-003
  1.898590846126211E-003
 -7.688471933270814E-003
  1.117707894435656E-002
 -1.470368341329365E-002
 -1.501289198964815E-003
 -5.285961442123141E-004
  4.927485538512815E-004
  6.356035665718537E-004
  1.505385884495746E-002
 -4.212861001951896E-003
  1.719976160737179E-002
  1.128960246273863E-002
  1.021759752683559E-003
  1.403378442920573E-004
 -1.334727707431440E-003
 -3.524797621881034E-003
  1.306774757627412E-003
 -4.755829943455060E-003
 -3.076583146964299E-003
 -8.326191238581100E-004
 -1.178213341157513E-003
  1.733502388044958E-003
 -1.211654609311996E-003
 -3.236935779095880E-006
 -1.812314644743911E-004
 -5.174596373486007E-004
  1.086801274573681E-003
  2.782783901973506E-004
  1.872360535202021E-003
  4.432880158180241E-003
 -1.640982030117989E-003
 -2.722603455256717E-003
 -8.366428718963470E-004
  6.383739858267786E-004
  2.118455565627386E-003
  1.924552652740332E-004
 -0.699385867357710     
  0.373863078148644     
  0.275890333841621     
  0.627935169071552     
  6.100242659780632E-002
 -0.113602536145894     
  2.844269720328677E-002
  3.218956254125891E-002
 -5.952248375368865E-002
  1.520257028146250E-002
 -4.054354359330724E-002
  7.453632228571556E-002
 -1.934121207114533E-002
  2.267149336489759E-003
 -1.221634911534369E-002
  1.007016017543675E-002
 -6.786666154700045E-003
 -3.022600813478181E-003
 -0.574901047420788     
  0.284840000853571     
  0.204167209479681     
  0.465667449566676     
  1.896662903638829E-002
  8.317171497320722E-002
  6.233432805808409E-002
  9.516216937196783E-003
  4.219530662996431E-002
  3.148777744061734E-002
 -1.147094076462736E-002
 -5.126408180599033E-002
 -3.813315690945975E-002
  2.366577477773821E-003
  4.650994830745162E-003
  5.399713138979899E-003
  1.231508317344687E-002
  4.231007302714743E-003
  -3.66396888448327     
   5.29147570253592     
  0.597549870579380     
 -0.752328808681091     
  -2.60073159221827     
   2.64552699883795     
   1.56312578623234     
   3.51093390430043     
  4.816054951355793E-002
  5.250491695891341E-003
  3.862113324340453E-002
  8.317936993706812E-002
  1.153195940281991E-002
  6.566262074487132E-002
  6.764384502931944E-002
  1.611987214305298E-002
  5.053988687033240E-002
 -5.519890541944961E-002
 -1.221068786545912E-002
 -4.165219732587221E-002
 -5.216633630255762E-002
 -1.220634115695853E-002
 -3.909079517241337E-002
  3.384669462125845E-002
  9.702974259401463E-003
  2.463715057901653E-002
  4.067669107316944E-002
  1.214277927974772E-002
  2.944134332885491E-002
 -4.491486073250144E-002
 -3.170011042825556E-002
 -7.244417337879290E-002
  4.456969232823441E-002
  6.338925407497135E-003
 -2.214377255655059E-002
 -2.170642656442609E-002
 -4.428397927518399E-002
  2.315752207461024E-002
  4.282954148018180E-003
  9.227132323201164E-003
  9.446964106392045E-003
  1.994767469337274E-002
 -1.038487054533931E-002
 -1.748260789044432E-003
 -8.189990772359391E-003
 -8.225756927692188E-003
 -1.665573137673958E-002
  8.600827271201927E-003
  1.626668506654954E-003
  9.073326697841800E-003
  8.872041621014501E-003
  1.875902663765056E-002
 -9.941796358645351E-003
 -1.672062736731408E-003
 -7.286298189421361E-003
 -8.133142773563100E-003
 -1.516683400500243E-002
  7.237574004888768E-003
  1.710183934490674E-003
 -2.941816790289487E-004
  3.820280414811852E-003
 -1.825721911620731E-002
 -2.258153127187842E-003
 -1.414944778319086E-002
  1.097529208657422E-002
 -7.219324257000862E-004
 -6.725201605172494E-005
 -1.252426763720871E-003
  4.341642514390579E-003
  6.005104441672622E-004
  3.598102467795413E-003
 -2.417869801306503E-003
  7.019247958405247E-004
  5.919704076478446E-004
  1.597586127325484E-004
  1.406960701775436E-003
  1.301768539605631E-004
  7.152473731231347E-004
 -1.391037446574733E-003
 -1.335796163214853E-003
  2.330033365725899E-004
 -2.659880155218314E-003
  4.269424981450263E-003
  1.205154308539245E-003
 -2.730591460664953E-003
 -1.767803708622827E-004
 -1.015010895225989E-003
 -9.997191340543677E-004
  1.068134839853108E-004
 -0.670865850523567     
  0.352528929826355     
  0.258503486604810     
  0.588440402699149     
 -6.505974518746026E-002
 -0.108659599178306     
 -1.318077482777866E-002
 -3.401152005850496E-002
 -5.641560786957868E-002
 -7.042257591896662E-003
  4.261375221892487E-002
  7.035700951787045E-002
  8.945817758106872E-003
  7.620455451660603E-004
  1.325512161110126E-002
  9.400343475582898E-003
  3.765565008175792E-003
 -3.856612421400972E-003
 -0.627111728293109     
  0.320715005821337     
  0.232722701858446     
  0.530089813531619     
 -2.970481061282165E-002
  9.646852793664659E-002
 -6.173128029884033E-002
 -1.534292424210037E-002
  4.951270691329117E-002
 -3.176734563428965E-002
  1.901444420267796E-002
 -6.111834765306480E-002
  3.927415996244791E-002
  3.174237985042385E-003
 -6.900130086598971E-003
  7.156351843997532E-003
 -1.204083539673445E-002
  3.311173487554684E-003
