  -25.5519624172509     
  -5.25740926358194     
  -22.1379694994315     
  -7.84402007376539     
  -9.27756435950540     
  -1.44102602111968     
   3.60239336104278     
 -0.997553147001650     
  8.503921324057195E-003
 -5.708709989252658E-003
  3.868115900113385E-003
 -2.599925283016691E-002
 -2.418933540020873E-002
 -3.210359130905671E-002
  9.199799755526961E-002
  8.495073555282895E-003
  7.590436979006726E-002
  4.196514409687113E-002
  5.714072411682203E-004
  3.307461488891494E-002
 -2.762733474205858E-003
 -1.362561355329001E-002
 -8.795116362720845E-003
 -1.181262825129215E-002
 -8.177709665603494E-003
 -1.318340283977043E-002
  4.356965914685484E-003
  1.226568036782671E-003
  3.996266606043811E-003
 -2.601649891795622E-002
  3.111159668369057E-003
 -4.224998437691430E-002
 -5.277432395890314E-002
 -5.286449823617534E-003
  4.167662300195826E-002
 -5.159900967525444E-002
  7.464395945563157E-002
  5.810578907669461E-002
 -1.254610056657185E-002
  2.831225731582504E-002
 -3.818222468682242E-002
  4.856713461745948E-002
  3.515904508987555E-002
 -1.056273700405419E-002
 -8.906256442406113E-003
  1.570187286576041E-002
 -1.670204382344656E-002
 -9.838890070916512E-003
  4.798925718888847E-003
  7.093451008298168E-004
 -1.082030563114089E-002
 -3.172143456291243E-003
 -1.028911359460449E-002
 -6.022698734852838E-003
  1.572944815255037E-003
 -5.149677891424953E-003
  1.896022040845349E-003
 -9.516375974821800E-004
 -2.248702365430955E-003
 -1.030214836889340E-002
 -1.379783934076748E-002
  5.226740409345521E-002
  2.234210226734265E-002
  4.706819421202985E-002
  5.677326195081941E-002
 -8.065857825769504E-003
  3.881746047194157E-003
  4.693949415626418E-003
 -3.215678072483277E-002
 -1.231263653524883E-002
 -3.095580736573360E-002
 -3.593763853248386E-002
  5.990592032409897E-003
  9.347888414324226E-004
  4.030270710469342E-003
  1.165749898222658E-002
  6.632456929002321E-003
  2.221743149639988E-002
  1.562035741311862E-002
  5.906012065014718E-004
 -6.451977591418107E-003
  2.849038687109028E-002
  3.455293050004983E-002
 -1.007942909249882E-003
 -2.789458831273398E-002
  2.073398363707253E-002
 -1.159854800391164E-002
  2.814322614836046E-002
  6.125037138382042E-003
 -0.171680633326812     
  0.158868709638130     
  0.199101736646415     
 -5.509949721411016E-002
  0.166615745370241     
 -0.179474442721493     
  4.239720124480306E-002
  0.281527893928163     
 -0.292125419905388     
  7.713663760243927E-002
 -0.129079071863667     
  0.142983515033960     
 -3.095007796573950E-002
  0.126939168331042     
 -0.516516489363465     
  0.160401705133013     
 -0.141658733454049     
 -0.227857558599868     
 -9.327175309561207E-002
  6.754115127606627E-002
  0.258084845688815     
 -3.876295427961649E-002
  1.016791416664704E-002
  7.638823969311841E-002
  4.496231118603537E-002
  3.142740384711948E-002
  0.167610966658233     
  0.105818883348236     
 -4.073721466956502E-002
 -0.257157816280859     
 -0.156512387602812     
  4.872703243331610E-002
  8.333052858510977E-002
  0.215530024711538     
  0.292246818180256     
  8.456547888532856E-002
  -25.5592044370068     
  -5.26612985277953     
  -22.1460176724410     
  -7.84495617431635     
  -9.27739117970691     
  -1.43675194329529     
   3.60143649196407     
 -0.997884807365116     
 -4.413921937675980E-003
  1.117988412731696E-003
 -5.019199846779010E-003
  3.075487528269361E-002
 -2.110872746582798E-002
  3.295542185740341E-002
 -7.880682570933339E-002
  4.257963885697391E-002
 -8.594814852328003E-002
 -3.280183108161244E-002
  1.719482774082604E-002
 -3.592942463450655E-002
  7.374946346820233E-003
 -6.962231287391152E-003
  7.626410310932030E-003
  1.384726420389382E-002
 -8.749559874564827E-003
  1.488543476135851E-002
 -4.430257938776577E-003
  2.446824332095421E-003
 -4.811358560327994E-003
 -4.388925652711367E-002
  2.622917889767623E-003
 -5.362422868344813E-002
 -1.710087891783514E-002
 -7.891066257888629E-003
  6.970716684948269E-002
  5.013901972624607E-003
  8.362194755557398E-002
  3.755936484085262E-002
  1.380929597782438E-002
  4.501725896289432E-002
  3.634498712382528E-003
  5.319698629701208E-002
  2.450638463811050E-002
  8.945516789487185E-003
 -1.598312600393981E-002
 -2.427781219645486E-003
 -1.893106230705777E-002
 -1.004957278361829E-002
 -3.335736238856024E-003
 -1.389073053782108E-003
  1.491247242550786E-003
 -5.275278409580419E-003
  1.931498658414021E-004
 -9.002921155942811E-005
  2.213411420208838E-003
  7.976477307300722E-004
  1.775038736056139E-003
  1.713930421648580E-003
  5.110934521944666E-004
 -2.090729825662126E-002
 -3.420539131985165E-002
 -3.340961491447043E-002
  6.084884538654164E-002
 -2.517671082131755E-002
 -1.414286878737156E-002
  8.151298004506091E-003
  1.636069357004885E-002
  2.104535572891660E-002
  2.333264423115708E-002
 -4.099921592783318E-002
  1.751028074530774E-002
  9.709167785900197E-003
 -7.142356760756002E-003
 -8.209354044722297E-003
 -1.108539600910614E-002
 -1.481737960135731E-002
  2.568519924840196E-002
 -1.069775062282361E-002
 -5.482625837082596E-003
  3.512332537897678E-003
  8.552623969252812E-003
  2.866350324902187E-002
  2.646969623206584E-002
 -3.649732358715435E-002
  1.046267137911076E-002
 -2.894783571921736E-002
 -9.865332213622457E-006
 -9.585835482323349E-003
 -1.402324351140695E-002
 -0.124210966416681     
  0.108794948830899     
  0.248947120281367     
 -5.140094661710176E-002
 -7.389952315344864E-002
 -8.590855692390445E-002
 -9.861064277567608E-002
 -0.147893889444843     
 -0.160850862925169     
 -0.195856563888424     
  0.130967201210369     
  0.154265356676131     
  0.175132015623422     
  0.275464584612594     
  0.234778308686856     
 -1.929936134645274E-002
  0.310581534067809     
  7.970435301930817E-002
 -0.109428010669884     
  8.945380655326766E-002
  0.256580764852852     
 -4.655486993770482E-002
 -2.570399349207179E-002
  0.116556355511872     
 -1.288133170571026E-002
 -5.872324924361893E-002
  0.240419645468160     
 -3.337422739480738E-002
  6.176223323909173E-002
 -0.278237920459617     
  3.135702014230737E-002
  1.848229222916004E-002
 -0.167006928510564     
  0.392487386928571     
 -9.215526355800069E-002
 -1.434041236996075E-002
