  -3.66358044111757     
   5.28423249880000     
  0.596180213167677     
 -0.750101881746050     
  -2.59600477604453     
   2.64194140254695     
   1.55989568951972     
   3.50304230031571     
 -5.202859189902396E-002
  7.114790696740137E-003
 -3.704669558363220E-002
 -9.358166185931555E-002
  2.597400220770477E-002
 -6.016979037826968E-002
 -8.582426833351836E-002
  5.876248981979712E-002
 -3.803163696290428E-002
  6.807178802350528E-002
 -4.289325024233145E-002
  3.199539198660687E-002
  6.544613888573507E-002
 -4.389321286078712E-002
  2.946129926943109E-002
 -4.573307309041723E-002
  3.780544874373703E-002
 -1.710063850545337E-002
 -5.554311361482338E-002
  4.817694860287419E-002
 -1.968205890014862E-002
 -3.967616375980342E-002
  4.804347231067958E-002
 -6.395407183564146E-002
 -4.936645788866420E-002
  1.303884542779732E-002
 -1.955577076561337E-002
  4.568011354855213E-002
 -3.257449704284035E-002
 -9.781830559059236E-003
  1.683280043280559E-002
  7.854244198483682E-003
 -1.975017829525678E-002
  1.488025249090749E-002
  4.633547418199192E-003
 -7.035308952078208E-003
 -7.282681000171536E-003
  1.766762869344717E-002
 -1.236685521302502E-002
 -3.398149298564552E-003
  6.535712382348601E-003
  7.757759412856988E-003
 -1.814841080556786E-002
  1.424255409516122E-002
  5.109882628838002E-003
 -6.392682296608938E-003
 -6.835359660300076E-003
  1.927188392358438E-002
 -1.024397548099074E-002
  1.480020479234663E-005
  7.751040831691313E-003
 -2.477492848533486E-003
 -1.753360209936945E-003
  1.316884845358714E-002
  6.467881889039792E-003
  1.575159880776163E-002
  1.436236959626580E-002
  4.477202930755641E-004
  1.418160234659699E-004
 -1.096229763085154E-003
 -3.176449072616568E-003
 -1.310620172440639E-003
 -5.384354637459605E-003
 -3.322899011115815E-003
 -1.205621978277179E-003
  4.648395344901897E-004
  1.996783596753071E-003
 -8.940231096513263E-004
 -5.392858031959630E-004
  1.364781439792402E-003
 -1.391613971978759E-003
  2.091514115653287E-003
 -2.986040513883965E-004
  2.444628231912441E-003
  3.428128263203496E-003
  6.106515849362965E-004
 -2.657983397632081E-003
  1.767265155910194E-003
 -2.619413720475590E-004
  2.320262207878806E-003
  6.429103312763209E-004
 -0.767524408939476     
  0.425395175712107     
  0.317958341431864     
  0.723358896169932     
  9.486539368328514E-002
 -0.109026090474584     
  2.073871197436987E-002
  5.072698883282808E-002
 -5.768202591234406E-002
  1.139207938817594E-002
 -6.469636511700631E-002
  7.294164383341407E-002
 -1.483120715166997E-002
  2.196117295593146E-003
 -1.600318242840441E-002
  5.612644076000417E-003
 -4.748360991833755E-003
 -6.709181892489808E-003
 -0.521919356638627     
  0.249876553031652     
  0.176390304520952     
  0.403093346198061     
  6.671126604617311E-003
  8.238760651777798E-002
  4.511824878204622E-002
  3.009866636977550E-003
  4.094732782533238E-002
  2.218661233740558E-002
 -3.291810826946105E-003
 -4.868536350312365E-002
 -2.615395641018713E-002
  5.220270375781880E-004
  2.752668021834557E-003
  8.370448261667073E-003
  1.021848329618754E-002
  3.205554876012893E-003
  -3.66526145449538     
   5.31968426754518     
  0.610089647881888     
 -0.751273763758825     
  -2.65434412013066     
   2.71558479835030     
   1.61068624384694     
   3.62110490229558     
  3.821851400799831E-002
 -1.854991658973990E-002
  4.189532847783502E-002
  6.346585640357370E-002
 -2.776116638301420E-002
  6.991942103488027E-002
  4.469437918035082E-002
 -1.089392967306626E-002
  5.022612784753781E-002
 -3.744631527738506E-002
  1.042327864225799E-002
 -4.194557486144396E-002
 -3.509681369628132E-002
  9.086174822287926E-003
 -3.939409497036986E-002
  2.134120886975209E-002
 -3.307616621616440E-003
  2.422737867017056E-002
  2.513753019478623E-002
 -3.075325603371044E-003
  2.866854242586032E-002
 -6.276798956149689E-002
 -4.010436600303071E-003
 -7.291067770499067E-002
 -3.262157514148334E-002
 -1.234851129690713E-002
 -3.003998959394936E-002
 -6.602772338995828E-003
 -3.434568573422669E-002
 -2.098902353582051E-002
 -6.595924711401929E-003
  1.279194163266953E-002
  3.077891399275256E-003
  1.543349712684358E-002
  9.454627442776170E-003
  2.850754099546167E-003
 -1.130213382790600E-002
 -2.546721047472174E-003
 -1.299615702045575E-002
 -7.988774753844524E-003
 -2.487511229812709E-003
  1.258267031239479E-002
  2.715102213613046E-003
  1.500706979125968E-002
  8.889916936331210E-003
  2.758021667093741E-003
 -9.827940571774628E-003
 -2.772640577054637E-003
 -1.042586234296732E-002
 -7.376998384016462E-003
 -2.230781540258818E-003
 -4.383413502000426E-003
 -1.055874439608840E-002
 -1.024584407233382E-002
  1.882567527765840E-002
 -7.644691845356644E-003
 -4.054119170793612E-003
  1.248119343552885E-003
  7.337884047421342E-004
  2.954080777380708E-003
  3.215050478344523E-003
 -5.678561950928923E-003
  2.401397753062489E-003
  1.131080074118480E-003
 -3.804431317273378E-005
  1.454714089438390E-003
 -1.834496043181322E-004
 -2.039519584988906E-004
  2.889125176526885E-004
 -1.677348820862889E-004
  1.373860684287925E-004
 -9.268345241516405E-004
  6.988286348208043E-004
  2.525990711307231E-003
  2.180319326840477E-003
 -3.664604850981376E-003
  7.689368933264695E-004
 -3.207185023616421E-003
 -1.811270311581903E-004
 -9.138008566565714E-004
 -1.048385051763468E-003
 -0.623253596718541     
  0.319682206774646     
  0.232295015284720     
  0.529222228759465     
 -5.445001274348862E-002
 -7.073582924991224E-002
 -7.365750182792039E-002
 -2.816544513935008E-002
 -3.637792093747515E-002
 -3.807147874234444E-002
  3.478332918903600E-002
  4.466369769558701E-002
  4.697572113988108E-002
  7.880570786569363E-003
  8.462092414424822E-003
 -4.107448211763262E-004
  1.095045023663933E-002
  2.533065764211472E-003
 -0.577316996399604     
  0.287800458354505     
  0.206809897678036     
  0.471643368982881     
 -1.925165027524128E-002
  0.103521134383124     
 -7.185252691194520E-003
 -9.773688490589813E-003
  5.264636794103188E-002
 -3.637841787932274E-003
  1.186452048571643E-002
 -6.391088401263556E-002
  4.411690279072745E-003
 -5.908268132758885E-004
 -5.250834595833104E-003
  1.386394585245217E-002
 -2.667485019875190E-003
 -6.137126332259401E-004
