-3.665532693517680407e+00
5.331237132932193035e+00
6.132400177366431615e-01
-7.509555956583111591e-01
-2.668815855316348351e+00
2.740775024194154419e+00
1.630550315606652312e+00
3.668405350098619344e+00
-4.355064655063605600e-02
-3.310084688484063193e-03
-3.547571316549434639e-02
-7.277260917596205247e-02
1.424296143530492150e-04
-5.652515108177525588e-02
-5.201960430033216592e-02
1.576344597118007826e-02
-3.280225974679532031e-02
4.279572449739722784e-02
-1.027098101729271955e-02
2.829540389734338038e-02
3.762447111262358368e-02
-7.174656286820181063e-03
2.577696497620676763e-02
-2.134076521451082342e-02
5.291285793435109887e-03
-1.402766421467340277e-02
-2.556685949326339274e-02
8.230955745688321723e-03
-1.588711677242699016e-02
-3.716061548106213558e-02
3.718985421925222190e-02
-6.151652300733777973e-02
-5.333928953847585919e-02
8.102646482433343081e-03
-1.554248017624272789e-02
2.700797127353491908e-02
-2.896420196299117136e-02
-1.726306484780516098e-02
8.188679290220870696e-03
6.515872735027295783e-03
-1.329380546296875763e-02
1.381469484667677446e-02
7.431748838817809656e-03
-4.000992327432680885e-03
-5.576216285971543479e-03
9.424708786875296215e-03
-1.127228439714484873e-02
-7.221112163826736915e-03
2.605722638308221803e-03
6.427375173685875506e-03
-1.167957361546760955e-02
1.327646187868272189e-02
8.014250071095159814e-03
-3.333269930428827982e-03
-4.619852715057400257e-03
8.697754170665815063e-03
-8.860081893941607056e-03
-4.894799426134701335e-03
2.700499316684958941e-03
-3.126133301263388058e-03
-2.963800122966241731e-03
1.507369029132048059e-02
6.933409249679740177e-03
1.600821993920380215e-02
1.606663718932777735e-02
-1.984402551016432371e-04
7.728246557576871640e-04
6.423993103469780291e-05
-4.914323759229269686e-03
-1.746144044872579215e-03
-5.532896172071067285e-03
-4.861415164453512447e-03
-5.980054829188663316e-04
-3.098523460646603815e-04
5.542195956741379458e-04
1.146136489254054227e-03
-3.331257008246297537e-05
1.429440244188049042e-03
3.945693275080768610e-04
1.346320858790191330e-03
-4.035311090401551021e-04
2.643363600467926820e-03
3.590828803030488361e-03
4.471813257755732386e-04
-2.862467262917976936e-03
1.737320097064410859e-03
-6.598071095711119426e-04
2.531936860673524026e-03
6.928991681629291868e-04
-6.502149883193460989e-01
3.133354379698427561e-01
2.267434125354100272e-01
5.138029386766739259e-01
7.821343197720764806e-02
-9.208271171266442512e-02
1.612204734402356010e-02
3.744622942124704174e-02
-4.412797364075986273e-02
7.698577183750973489e-03
-4.692872918314267700e-02
5.474861689081461646e-02
-9.916975449992116234e-03
1.509602889985250940e-03
-1.386457602248323054e-02
5.024086718120192308e-03
-4.195067000785765790e-03
-5.729348406179626818e-03
-5.374468917947625712e-01
2.665418715506506220e-01
1.905047301788928005e-01
4.350508952978583976e-01
6.824864437510459216e-03
8.513671074412086648e-02
4.663902862954504708e-02
3.374042088707038083e-03
4.334575835114615194e-02
2.366706558061970611e-02
-3.990745019087247811e-03
-5.200431365381790599e-02
-2.835014659566692519e-02
4.122309645779395778e-04
2.856801523276062196e-03
8.689333438077501831e-03
1.054437899553665667e-02
3.346432459816697184e-03
-3.665904623779785876e+00
5.336375345705360651e+00
6.164232008956891384e-01
-7.508572189498705640e-01
-2.681793739312240188e+00
2.755250343546062908e+00
1.639878331509492915e+00
3.689934599644165925e+00
3.644412775656854370e-02
-1.950392876345669047e-02
3.962860739398212789e-02
5.884744867652943329e-02
-3.014210197601270569e-02
6.418675451835212376e-02
3.649920742653423728e-02
-1.488425504372289584e-02
4.036697226583652043e-02
-3.116048294105753375e-02
1.347983820556987455e-02
-3.434974804354005290e-02
-2.799701380708722112e-02
1.257615858209787385e-02
-3.079466580096811359e-02
1.509326499839363546e-02
-6.418658922922947964e-03
1.665419561809123108e-02
1.742838755526937913e-02
-6.895214845176377005e-03
1.930618853945427482e-02
-6.051715696727647670e-02
-2.649887402055272831e-03
-7.194839343548678490e-02
-3.051050162237858160e-02
-1.169561538756725035e-02
-2.613350189462644232e-02
-4.133154437805496711e-03
-3.255871712041600446e-02
-1.704922850339345847e-02
-5.520365798632400831e-03
1.139011393977203482e-02
2.173286771735013535e-03
1.477667732865193921e-02
8.015201613396435651e-03
2.471939879514540878e-03
-9.544876223383838218e-03
-1.420005942688643301e-03
-1.230873398513814172e-02
-6.228867903389027558e-03
-2.010762435101644090e-03
1.117298509291510776e-02
1.806719634681719106e-03
1.437718092456947115e-02
7.452291830942602696e-03
2.374536418355160418e-03
-7.614325339639386840e-03
-1.355664470519026216e-03
-9.625690856688165833e-03
-5.180072063675918680e-03
-1.633418276271319386e-03
-4.810149060484926638e-03
-1.123335765899319966e-02
-1.055713667527517947e-02
1.950108009768658501e-02
-7.958953022228992466e-03
-4.281229331702969022e-03
1.398887561921435731e-03
1.139936903805172878e-03
3.637359129853574239e-03
3.535038501098432175e-03
-6.352542403161196352e-03
2.697937001333700156e-03
1.353585454639833407e-03
-1.938810216183861949e-04
9.419255568039787158e-04
-1.048853174789272230e-03
-6.039812024020965644e-04
1.138163385691717691e-03
-5.386666042042919950e-04
-1.433910491029616427e-04
-7.306431720517126164e-04
7.327421014674883682e-04
2.642095199821609900e-03
2.277971395352415898e-03
-3.705858560581738823e-03
7.738421754996024351e-04
-3.216227889663432656e-03
-1.531436111510358191e-04
-9.559028595230591825e-04
-1.106744256095973204e-03
-5.917749373595380113e-01
2.890664112174131106e-01
2.070431055849763224e-01
4.712575479541404322e-01
-5.064612407763936786e-02
-6.715610921501506680e-02
-6.882745701003246952e-02
-2.504959543709879208e-02
-3.330751756656365886e-02
-3.405552787577077745e-02
3.053918226016382256e-02
4.037573508438296876e-02
4.148503034775063991e-02
7.289257038026395775e-03
8.154646621766166101e-03
-3.645440666341988756e-04
1.052576432651440401e-02
2.399170324825911776e-03
-5.681286662070350602e-01
2.789896615142484215e-01
1.994828970130032297e-01
4.547673090250963779e-01
-1.840067542940009709e-02
1.014437427241393075e-01
-6.641461491305682315e-03
-9.171663023936965295e-03
5.082009236079779863e-02
-3.272977113015934116e-03
1.111274406654265759e-02
-6.130160073109020002e-02
4.005652932571018843e-03
-7.749566342935331007e-04
-5.112708759719830978e-03
1.373932600100130803e-02
-2.581116216813581898e-03
-6.275649815874952565e-04
