  -25.5561765132697     
  -5.26200758168690     
  -22.1424409445237     
  -7.84435208846921     
  -9.27921514472172     
  -1.43875257151400     
   3.60073762904861     
 -0.997529195001197     
 -6.315698138050996E-003
  3.593794129158834E-003
 -3.854660167395885E-003
  3.888884169519446E-002
 -1.985526761786649E-002
  1.302100460340272E-002
 -0.103777821102105     
  5.516963952985976E-002
 -4.494928065298121E-002
 -4.300983679138026E-002
  2.298695380155591E-002
 -1.929465185563650E-002
  8.961052899725264E-003
 -4.257143498804794E-003
  1.533761714679560E-003
  1.798295121120197E-002
 -9.299835770335996E-003
  6.558753968744391E-003
 -5.826577457945348E-003
  3.070360060710209E-003
 -2.394274986336486E-003
  2.769986673169719E-002
  2.924847689474329E-002
  4.739657747327913E-002
  1.209793218530350E-002
 -1.774786688871999E-002
 -4.592554646464636E-002
 -4.616985401890497E-002
 -8.204740365727861E-002
 -2.367501221434259E-002
  4.052979124453315E-002
 -2.973319166526567E-002
 -2.941639194392753E-002
 -5.328729618640260E-002
 -1.559216986723466E-002
  2.742105394623917E-002
  1.094471794900265E-002
  1.050235178185832E-002
  1.971575268780745E-002
  5.979570940915613E-003
 -1.093833769898744E-002
  2.465626846220981E-003
  8.686770449239933E-004
  1.157224758063236E-003
 -7.987054738569088E-004
  9.610160863917638E-004
 -1.233673889138850E-003
 -1.413010968343120E-003
 -2.926715198480978E-003
 -1.175047435611767E-003
  2.140595942308254E-003
 -2.753290966549984E-002
 -1.334529094728108E-002
  2.144098013852352E-002
 -3.501498014852049E-002
  7.942729535211523E-003
  1.856507016608480E-002
 -7.187988383470842E-002
  1.757595041025503E-002
  7.653094645903441E-003
 -1.488808988417720E-002
  2.575625422856044E-002
 -5.272457630727534E-003
 -1.037833206224922E-002
  4.734256413593915E-002
 -8.879839194746920E-003
 -5.333269938290051E-003
  8.145895153597670E-003
 -1.279798067306476E-002
  1.628576499048684E-003
  4.624112914355494E-003
 -2.493028228248809E-002
  4.249756465436308E-002
 -1.627606778287302E-002
  7.744082608118326E-003
  2.216117173116533E-002
  1.238559301259290E-002
  1.206247985593248E-002
 -4.605817978102750E-003
 -4.166526943944645E-002
  2.602232267961205E-003
 -0.132159748388853     
  0.118741446259505     
  0.244552575796707     
 -5.355810904619902E-002
 -2.401555622760937E-002
  4.412971350975331E-002
 -0.158547642906337     
 -5.263113096101295E-002
  8.649086648649840E-002
 -0.299441939443676     
  3.411306929425757E-002
 -6.718855583591972E-002
  0.246662041452434     
  0.133032837322323     
 -3.500235805041227E-002
 -0.196347540457379     
 -0.225834946860264     
  0.387649673133987     
 -0.119629294550676     
  0.103845629996785     
  0.253320812093717     
 -5.062161997150051E-002
 -0.112280371087905     
  3.272335262132288E-002
  7.922332077960315E-002
 -0.227308018427929     
  6.812035841787024E-002
  0.151440717950024     
  0.217739863009635     
 -6.297013651272945E-002
 -0.155893726234880     
 -0.359411385113866     
 -0.154335863652136     
 -0.193748651810222     
  0.107864974319303     
 -0.142032803128840     
  -25.5510038352370     
  -5.25990706041916     
  -22.1358953408614     
  -7.84100122363287     
  -9.27546167531435     
  -1.43834757800942     
   3.60037150856108     
 -0.997400331989479     
  4.937274790486779E-003
  7.242706870012050E-004
  4.993611376719942E-003
 -4.330821860126610E-002
 -1.017128990945293E-002
 -1.699215665102538E-002
  0.102329039605296     
  2.140115618969651E-002
  5.822939162464680E-002
  4.395199448712184E-002
  9.070345659472068E-003
  2.610658221217310E-002
 -1.072123690392113E-002
 -2.944504598932585E-003
 -1.342169462819953E-003
 -1.822265433259540E-002
 -4.153759093824205E-003
 -8.000409562357369E-003
  5.721602677591475E-003
  1.229059946223743E-003
  3.035851639372311E-003
  2.279265068664764E-002
 -2.895366673093938E-002
  4.944509246796203E-002
  2.172426132338038E-002
 -8.718484868216525E-003
 -4.159310846510719E-002
  4.389883718675813E-002
 -8.607165274325562E-002
 -4.136593826395470E-002
  3.698941054947960E-002
 -2.507381571511957E-002
  2.795263207748255E-002
 -5.568005274738486E-002
 -2.625445704395712E-002
  2.440369680894222E-002
  1.002369243658247E-002
 -9.732761257121858E-003
  2.052566277073115E-002
  1.023343828574308E-002
 -1.118073569323669E-002
  3.333157324393710E-003
 -2.136156975031001E-003
  1.091316685489452E-003
  9.078240977293817E-004
  3.093659415759453E-003
 -7.212820062428016E-004
  1.009762978353729E-003
 -3.027246070995832E-003
 -1.408725046360637E-003
  2.591886401860033E-003
  1.565757714556835E-002
 -2.636209489782359E-002
 -1.549689846607541E-002
 -9.296014706135572E-003
 -2.361166462408187E-002
 -2.361492738092488E-002
  7.612357646768292E-002
 -9.588102403471924E-003
  1.739611532639636E-002
  1.222027683602261E-002
  7.737374444462403E-003
  1.633160516345207E-002
  1.717444063437709E-002
 -4.983579677617911E-002
  4.318884655601818E-003
 -1.087219695301818E-002
 -6.817058689026295E-003
 -5.737757314927136E-003
 -6.048504813618627E-003
 -9.132169717457228E-003
  2.679369815653047E-002
  4.044927050082743E-002
 -5.172670328712430E-003
  8.196004095012421E-005
 -1.800797894518077E-002
  1.802918126029868E-002
  2.214832030779268E-002
 -1.956116337073242E-002
  1.414549927343660E-002
  1.868575989008852E-002
 -0.134037669211296     
  0.122493413141459     
  0.239959094956238     
 -5.358738070222526E-002
  1.443209626642690E-002
 -2.037125586015372E-002
  0.170817557302321     
  3.739565110955813E-002
 -3.503055016672096E-002
  0.319649733608536     
 -2.168768248025528E-002
  2.957467194152123E-002
 -0.249771656309166     
  9.411936491334166E-002
 -1.294093425984151E-002
 -0.245866062960573     
 -9.763640257791932E-002
  0.434159946346222     
 -0.110992688735127     
  9.429418255222363E-002
  0.255021196236741     
 -4.762053208028535E-002
  0.101221522289126     
  3.858361990213374E-002
 -6.465394674271310E-002
  0.213259307376310     
  7.946482315032737E-002
 -0.123163022373463     
 -0.229691470047292     
 -8.688271146655244E-002
  0.141771095316329     
 -0.309616532519652     
  0.193624369838524     
 -0.157716653335706     
 -0.115039711401378     
 -0.169194076032381     
