  -3.66468693727985     
   5.30465532047588     
  0.603576373433645     
 -0.752016755949608     
  -2.62649152627345     
   2.67866379616830     
   1.58550610485074     
   3.56269991326607     
  4.993939555286096E-002
 -2.698977322038191E-002
  2.365509879946169E-002
  8.329717119873098E-002
 -4.558536294961038E-002
  4.207275653971582E-002
  5.988898015815312E-002
 -3.437641626529692E-002
  3.761023253531748E-002
 -5.021098819477451E-002
  2.856577037921890E-002
 -3.035076383717749E-002
 -4.708622842021434E-002
  2.693213371426646E-002
 -2.911573435081082E-002
  2.866501467783565E-002
 -1.683787920375628E-002
  1.977409129311724E-002
  3.383796235159389E-002
 -2.001846758040755E-002
  2.402478673589245E-002
  3.964640103501825E-002
  4.139618049394188E-002
  7.282971479960980E-002
  2.156369000965366E-002
 -3.587149990958314E-002
  2.004129467350347E-002
  1.923843928402765E-002
  3.803231871065869E-002
  1.247578699086812E-002
 -2.372017269846381E-002
 -9.191058475237317E-003
 -8.107785532166808E-003
 -1.658177563594595E-002
 -5.256610830686276E-003
  1.059628512822759E-002
  7.547105339445116E-003
  7.155319475220244E-003
  1.426585976832838E-002
  4.680736517146645E-003
 -8.995140680222795E-003
 -8.778468091471288E-003
 -8.024876730829203E-003
 -1.600388858528452E-002
 -5.064044425725303E-003
  9.903803023209258E-003
  6.158964372259457E-003
  6.097584751471011E-003
  1.253375198828154E-002
  4.456257579420243E-003
 -8.549849370992343E-003
 -7.874490336309846E-003
 -5.271667033498852E-003
  5.929715294109243E-003
 -8.250350628902422E-003
  1.702104699057030E-003
  5.859314069152951E-003
 -2.085220201728679E-002
  2.017557545844915E-003
  1.939912466011990E-003
 -1.578169785001822E-003
  1.738852194449127E-003
 -2.538512181175815E-004
 -1.624024334734079E-003
  5.774503220369897E-003
  3.211533267577180E-004
 -9.823850341913365E-004
 -3.769717765611464E-004
  1.660742336973332E-003
 -4.310935520526257E-004
  2.653083064922202E-004
  3.931259529876740E-004
  4.311810067815574E-003
 -1.451026320243602E-003
  3.843094481026023E-004
  1.813489015773986E-003
  8.641195091391926E-004
  8.635361371010967E-004
 -6.547018596307606E-005
 -3.764020779610469E-003
  1.910321502312435E-004
 -0.646476780218602     
  0.335338852845787     
  0.244716110084912     
  0.557328447872572     
 -1.202766458498573E-002
  2.994328180994074E-002
 -0.116265358798686     
 -6.381763099139010E-003
  1.558408846765336E-002
 -6.026477523111794E-002
  8.077851566793848E-003
 -1.938542592178192E-002
  7.466839736342819E-002
  3.805014072891342E-003
 -5.361807363713828E-005
 -5.829460271486706E-003
 -6.943931966932657E-003
  1.329466288398064E-002
 -0.606526385172958     
  0.307029721513673     
  0.221987284238087     
  0.505912151178577     
 -8.662047012812786E-002
  2.386902680690530E-002
  6.766752610282691E-002
 -4.440589716508777E-002
  1.224396429820936E-002
  3.464548646467327E-002
  5.447166841645697E-002
 -1.503011930452462E-002
 -4.244647865025674E-002
 -1.265574662361551E-002
 -4.178534930599712E-003
 -5.974976444704755E-003
  4.073867141188586E-003
 -4.225546689247861E-003
  -3.66476821830061     
   5.31335994812563     
  0.606798531989606     
 -0.751463721424338     
  -2.64012497774849     
   2.69742688976760     
   1.59852991118821     
   3.59308022032673     
 -4.934912497217468E-002
 -9.745924390683541E-003
 -3.188244777023533E-002
 -8.019057112156421E-002
 -1.504781782586144E-002
 -5.707637726978467E-002
 -5.103515815579026E-002
 -7.260702379718431E-003
 -5.176923497858971E-002
  4.313926363941495E-002
  6.497371681748867E-003
  4.137256591087073E-002
  3.960447496732982E-002
  5.714577949067924E-003
  3.965937749282868E-002
 -2.271248139578145E-002
 -2.594304467530388E-003
 -2.735744869115126E-002
 -2.636039674640114E-002
 -2.778609445284044E-003
 -3.339019242609909E-002
  3.288654308558406E-002
 -3.840498184979528E-002
  7.564092370362717E-002
  3.505994215957575E-002
 -3.107083284504874E-002
  1.648165023213367E-002
 -1.670823411945575E-002
  3.874339794183594E-002
  1.912141655212960E-002
 -2.517451836694557E-002
 -8.094125921897309E-003
  7.358715750242432E-003
 -1.700930662251097E-002
 -8.704048041493530E-003
  1.144143995985193E-002
  6.240429792150138E-003
 -6.241523089927490E-003
  1.461159048073746E-002
  7.245198365312651E-003
 -9.697252090390613E-003
 -7.684388564000721E-003
  7.260569414813157E-003
 -1.647806568370195E-002
 -8.317035707748416E-003
  1.057664351885258E-002
  4.473466608059150E-003
 -4.881674078985649E-003
  1.266853565321477E-002
  6.158362133179120E-003
 -9.598656224163015E-003
  4.119459015983661E-003
 -8.370046992449864E-003
 -3.645646285114842E-003
 -2.725583076763391E-003
 -5.113290056824873E-003
 -6.218719046705739E-003
  2.242397444081546E-002
 -7.431342086174411E-004
  2.573001001128071E-003
  8.666808212427785E-004
  9.236967435353924E-004
  8.181524399531527E-004
  1.690250909732469E-003
 -6.315336702985399E-003
 -6.401929107658086E-004
 -2.677957921183101E-004
  7.515026314855650E-004
  8.824247996993883E-005
  1.354328594784158E-003
  5.308132489884720E-004
 -2.421418670339957E-004
  4.231469456785545E-003
 -8.517094755864676E-004
 -5.905961465409054E-005
 -1.447992386356247E-003
  1.346575727317090E-003
  1.624226026249628E-003
 -1.491378627477807E-003
  1.533109742005829E-003
  1.714723796596629E-003
 -0.648591306484261     
  0.337821521197122     
  0.246856637284386     
  0.562039039548115     
  4.682656989713217E-003
 -1.612749959166023E-002
  0.121256252806534     
  2.674631829252629E-003
 -8.284975247347210E-003
  6.285069052775398E-002
 -3.573851517392381E-003
  1.022436163804795E-002
 -7.810163488447466E-002
  1.866808312098576E-003
 -9.737748668141923E-004
 -6.959450769454767E-003
 -3.334296101133733E-003
  1.469096536508771E-002
 -0.576125530364319     
  0.286577691507597     
  0.205593856285220     
  0.468775845742970     
  8.310159790586270E-002
  3.256327952731970E-002
 -5.944211031716067E-002
  4.212189626917026E-002
  1.650406469221085E-002
 -3.010982588542183E-002
 -5.122159134507254E-002
 -2.006759012619379E-002
  3.660724842652361E-002
 -1.155683757615447E-002
  6.056991288226194E-003
 -4.528704791760534E-003
 -4.088036029075720E-003
 -5.010877297201564E-003
