                                  
================================= 
Global information about the job: 
================================= 
  
Job owner: zklou(84671)
Job name:  move_data
Node list: viper05
Job start: Fri Jun 28 00:22:31 CEST 2024
Job end:   Fri Jun 28 00:22:32 CEST 2024
Work dir:  /u/zklou/projects/salted/water_example/example_water_monomer_light_test_viper/./
Command:   /viper/ptmp/zklou/water_SALTED_example_240627/example_water_monomer_light_test_viper/move_data.sbatch.sh
  
  
  
==========================================================================================
Information on jobsteps (Note: MaxRSS/AveRSS is the maximum/average over all 
tasks of the per-task memory high-water marks; cf. "man sacct"): 
==========================================================================================
  
JobID            JobName NNodes NTasks  NCPUS       MaxRSS       AveRSS    Elapsed ExitCode
------------- ---------- ------ ------ ------ ------------ ------------ ---------- --------
21937          move_data      1            16                             00:00:01      1:0
21937.0           python      1      8     16        0.76M        0.75M   00:00:00      1:0
  
Maximum memory per node: 0.006357 GB (defined as MaxRSS*Ntasks/NNodes)
CPU utilization: 0.0 %
  
