This is task 2 of 8
This is task 3 of 8
This is task 4 of 8
This is task 5 of 8
This is task 6 of 8
This is task 7 of 8
This is task 8 of 8
This is task 1 of 8
                                  
================================= 
Global information about the job: 
================================= 
  
Job owner: zklou(84671)
Job name:  move_data
Node list: viper05
Job start: Fri Jun 28 00:31:02 CEST 2024
Job end:   Fri Jun 28 00:31:06 CEST 2024
Work dir:  /u/zklou/projects/salted/water_example/example_water_monomer_light_test_viper/./
Command:   /viper/ptmp/zklou/water_SALTED_example_240627/example_water_monomer_light_test_viper/move_data.sbatch.sh
  
  
  
==========================================================================================
Information on jobsteps (Note: MaxRSS/AveRSS is the maximum/average over all 
tasks of the per-task memory high-water marks; cf. "man sacct"): 
==========================================================================================
  
JobID            JobName NNodes NTasks  NCPUS       MaxRSS       AveRSS    Elapsed ExitCode
------------- ---------- ------ ------ ------ ------------ ------------ ---------- --------
21939          move_data      1            16                             00:00:04      0:0
21939.0           python      1      8     16        0.75M        0.74M   00:00:03      0:0
  
Maximum memory per node: 0.006324 GB (defined as MaxRSS*Ntasks/NNodes)
CPU utilization: 0.0 %
  
