  -25.5685542727669     
  -5.27238401276730     
  -22.1575235657456     
  -7.85019529102181     
  -9.27954958613812     
  -1.43573714546241     
   3.60339669903054     
 -0.998476615384743     
  4.043327149676923E-003
  4.549227616069407E-003
  4.318908687507728E-003
 -3.020135018302383E-002
 -2.076584769374112E-003
 -4.236819239194001E-002
  7.591776904879222E-002
  3.081087553504905E-002
  9.811661367993635E-002
  3.052431196713545E-002
  1.329235031956050E-002
  3.927539170451166E-002
 -8.616274128590451E-003
  3.824832151044781E-003
 -1.348206487065778E-002
 -1.385900315778521E-002
 -2.942798237865675E-003
 -1.872722676649696E-002
  4.224398571836319E-003
  1.724894334078240E-003
  5.446384293326667E-003
 -5.009809402685898E-002
 -3.429974020178250E-003
 -4.419881365540726E-002
  3.860011169740860E-002
 -2.365853868426182E-002
  6.828894533782541E-002
  2.122933827264370E-002
  7.493837767485007E-002
 -3.711627111863805E-002
  2.785048018873676E-002
  4.325786098945039E-002
  1.431881884178843E-002
  5.018509375105307E-002
 -2.380595644660621E-002
  1.756974704839087E-002
 -1.355750890009311E-002
 -7.368282674775642E-003
 -1.811592103077977E-002
  4.671802902762034E-003
 -4.725711967933810E-003
 -4.959777208021210E-003
  4.103435927425264E-003
 -1.649484827557057E-003
  8.697440960178326E-003
 -3.596291223949555E-003
  9.114547884448987E-004
  2.207563830833731E-003
  2.725336290386321E-003
  1.301584372623787E-003
 -1.385009621637234E-004
  1.352479332778879E-002
 -6.173406669076953E-003
  4.733781843807595E-002
  3.494069524816490E-002
  4.527046642135948E-002
 -2.602947943578013E-002
 -6.701360068219198E-004
 -1.338308868913551E-002
  4.411185998627165E-003
 -3.109311974379950E-002
 -2.414414619089675E-002
 -2.923503422748584E-002
  1.825269425625704E-002
  1.508484888491632E-003
  1.032923193022042E-002
 -9.448037511805445E-003
  1.792316418271143E-002
  1.582748268229152E-002
  1.951975729668502E-002
 -1.421102932234179E-002
  2.560001387886812E-004
  8.717611626895660E-003
 -2.108101236988455E-002
  4.289293785531726E-002
  3.279012972697479E-002
 -1.295730225151739E-002
  2.678091969126851E-002
  3.718125068659185E-003
 -1.289379698314123E-002
 -4.199807809334960E-003
 -9.406570835265675E-002
  6.361971387734267E-002
  0.258098573145402     
 -3.783260256564645E-002
  2.893493360746986E-002
 -5.546009893439718E-002
  5.864483766892371E-002
  6.886855173863642E-002
 -0.121480986647592     
  0.136390722598287     
 -0.101924702912144     
  0.197185202115203     
 -0.207364960156930     
  0.155239937312641     
 -0.144347053495523     
  3.701630358298630E-002
 -0.287044383325964     
  0.117290352279300     
 -0.131016207160033     
  0.115056390342066     
  0.245206794293833     
 -5.278733782242407E-002
  6.186591019508058E-002
  0.143522797437739     
  4.172296413753121E-002
  0.120712968484462     
  0.271944913746799     
  8.417351151302127E-002
 -9.621533454095801E-002
 -0.232415005501460     
 -6.204368317139473E-002
  8.556674984924861E-002
  0.295650045301784     
  0.335036243347256     
  0.204256966138690     
 -3.554213972781065E-002
  -25.5592235293978     
  -5.26502668491807     
  -22.1461284867897     
  -7.84562472513678     
  -9.27857058255741     
  -1.43764411023285     
   3.60151475955764     
 -0.997813801128061     
 -6.303668356600012E-003
 -2.969160417034766E-003
 -3.668478187621727E-003
  3.720487420255902E-002
 -4.777209824181283E-003
  3.054445195995470E-002
 -0.100883539843314     
 -9.373025400709334E-003
 -7.370967051090727E-002
 -4.203131217493994E-002
 -5.077203251003526E-003
 -3.032321979249986E-002
  8.466418180637703E-003
 -4.601287471827670E-003
  8.373405525498256E-003
  1.715036490787882E-002
 -8.885980506808111E-004
  1.350632746665825E-002
 -5.572134159834687E-003
 -3.416563534047040E-004
 -4.133322160242203E-003
 -3.853988047940618E-002
 -9.228002024059490E-003
 -4.175456641307912E-002
  4.206517076578872E-002
  4.365274944972575E-003
  5.569129607151951E-002
  3.354172932701532E-002
  7.465803584024311E-002
 -5.710516929173780E-002
 -1.239816258615448E-002
  3.545675103620805E-002
  2.320975851952078E-002
  4.894994822617871E-002
 -3.605508695675602E-002
 -8.445924556280904E-003
 -1.189072907692817E-002
 -1.016828499867928E-002
 -1.818161143914890E-002
  1.175504874211297E-002
  3.509411194967837E-003
 -2.371411564804360E-003
  4.266547003565768E-003
 -1.878907199892144E-003
  5.548680002851414E-003
 -1.594689586165599E-003
  1.277206029996869E-003
  2.771148249523528E-003
  2.588034473558265E-003
 -5.402976835293394E-004
 -9.552958947950940E-004
 -2.376741684745318E-003
  1.392582049810051E-002
 -6.366813379175684E-002
 -8.657094556610914E-003
 -3.938966040661851E-002
  4.164135366376250E-002
  4.567252443225658E-003
  3.436831929751777E-003
 -1.081003052143727E-002
  4.156904660190799E-002
  6.513467235833820E-003
  2.592150939658622E-002
 -2.836622108293374E-002
 -6.014341895939884E-003
 -3.436081513643698E-003
  1.000858039674796E-002
 -2.205618287893206E-002
 -3.768361227990971E-003
 -1.705595477035676E-002
  1.498683877903410E-002
  2.373060729354538E-003
  1.500311851948422E-003
 -3.374950629674495E-002
  4.191761517725444E-002
  1.845855097650742E-002
 -2.844812034311879E-002
 -3.443780406180250E-003
 -1.858281257209390E-002
 -8.301246346030980E-003
 -8.333848995769333E-004
 -0.135853705530498     
  0.122470819209858     
  0.240544976207297     
 -5.389558543600967E-002
 -9.984664408062940E-002
 -0.140829833625860     
 -1.997810971062833E-002
 -0.191213493559077     
 -0.259667566226411     
 -4.242805775335343E-002
  0.142427851980668     
  0.205868406162944     
  2.658397908162614E-002
  6.168811525187630E-002
  0.420613662887128     
  0.241950554713725     
  9.193341277614006E-002
 -0.145080482723552     
 -0.105737275717604     
  8.402577325443239E-002
  0.258454095216672     
 -4.506369621303217E-002
 -3.776746227188092E-002
  8.479481244097506E-002
 -6.274600515495983E-002
 -8.602962067817531E-002
  0.175193133243848     
 -0.135870301836197     
  9.850209101179441E-002
 -0.220774290113656     
  0.163605023194898     
  0.145256278099925     
 -0.194800160229930     
  0.139349040321069     
 -0.310116857924155     
  7.351606421819562E-002
