  -3.66554385778509     
   5.31937839175708     
  0.611073669976715     
 -0.750489340462040     
  -2.65918823159977     
   2.72265797203479     
   1.61514816671127     
   3.63119235694796     
 -3.588430575104005E-002
 -1.897732694226476E-002
 -4.484199657036646E-002
 -5.891161782934191E-002
 -3.807587580735358E-002
 -7.129832037418504E-002
 -3.969502258650000E-002
 -4.545518532766210E-002
 -4.139124427817597E-002
  3.370543543525913E-002
  3.537042416014066E-002
  3.624404849612494E-002
  3.168223343915329E-002
  3.435530721373286E-002
  3.369266157174318E-002
 -1.884381863098746E-002
 -2.526976663149963E-002
 -1.843231997835921E-002
 -2.190477567065211E-002
 -3.153401413419199E-002
 -2.074721144129518E-002
 -6.163409577339040E-002
 -1.951253062446068E-002
 -6.895110966486492E-002
  3.378669038522554E-002
 -2.519110443760398E-002
 -2.420306505063275E-002
 -1.719313896134227E-002
 -3.859083346482767E-002
  6.170150571529915E-003
 -7.692842412367886E-003
  1.016351351454507E-002
  7.243695456070906E-003
  1.671218702891787E-002
 -2.842827976120268E-003
  3.252089555637193E-003
 -9.086196624295436E-003
 -6.375114576953711E-003
 -1.455267158478437E-002
  2.467181577028207E-003
 -2.914812105756864E-003
  1.029530251716074E-002
  6.699465399967829E-003
  1.597951771356879E-002
 -3.255809676275654E-003
  3.430414431876464E-003
 -7.119317971815108E-003
 -6.839405349578701E-003
 -1.332657503868366E-002
  3.765567754394149E-004
 -1.830018671890912E-003
  2.773008955756637E-003
 -5.112430589646833E-003
  1.382525394937805E-002
  1.098995231395814E-002
  1.449041488099215E-002
 -8.756695011510936E-003
  9.636896775463139E-004
 -7.956117348088718E-004
  3.066161356239163E-003
 -3.756846032867416E-003
 -3.677507428579389E-003
 -4.373913151780044E-003
  3.070956135228717E-003
 -6.879510942221528E-004
 -9.471695796197877E-004
 -2.655112541886421E-003
 -3.415568704825885E-004
  6.675194130022399E-004
  4.839054537656173E-004
 -7.202105970430102E-004
  9.250664385824203E-004
  8.063109072951379E-004
 -2.348501950812109E-003
  3.918485212314868E-003
  2.835572894740632E-003
 -1.696589500853727E-003
  2.815734813094275E-003
  4.301478863525187E-004
 -1.016186027234475E-003
 -2.027909357380360E-004
 -0.537272585691309     
  0.262162117594368     
  0.186783702318311     
  0.426743385882314     
  2.907394836693948E-002
 -6.447290983785051E-002
  6.164037672559600E-002
  1.452069944107942E-002
 -3.252213124537633E-002
  3.089013301129970E-002
 -1.720009318213823E-002
  3.880722253516491E-002
 -3.667555266273737E-002
  4.682445300324886E-003
 -5.680223944577824E-003
  1.643884799343106E-003
 -1.088075724267430E-002
  4.035723519292626E-003
 -0.650440153464211     
  0.338592588462121     
  0.247204831058548     
  0.563200680657090     
  4.333469474310123E-002
  0.109046172091656     
  2.638207797681026E-002
  2.268722707928682E-002
  5.666765796570564E-002
  1.395086292936591E-002
 -2.821484991504723E-002
 -6.991860362937910E-002
 -1.752356917353769E-002
  1.448511546664984E-003
  9.656949553352254E-003
  1.159826679237609E-002
  6.751048941777938E-003
 -1.654382879098922E-003
  -3.66496431339929     
   5.31100028633917     
  0.606634398469762     
 -0.751368004105018     
  -2.63974803042057     
   2.69653501017418     
   1.59755745678891     
   3.59056612772313     
  4.956556285681508E-002
  8.684263081875677E-003
  3.449794700687923E-002
  8.348347694529429E-002
  2.015421205272333E-002
  5.579992312675577E-002
  6.219383573421147E-002
  3.045269279473356E-002
  3.512747340664901E-002
 -5.166375141331060E-002
 -2.301986126959640E-002
 -3.013882207913705E-002
 -4.874096681243759E-002
 -2.286358859884073E-002
 -2.795673173367089E-002
  3.048266474384818E-002
  1.812291994255151E-002
  1.590909915428252E-002
  3.615391365937010E-002
  2.286910814452303E-002
  1.833150549721476E-002
 -5.024476900534694E-002
 -3.076854663363749E-002
 -6.591413097179212E-002
  5.011576502699005E-002
  1.155491649695684E-002
 -2.106173612997418E-002
 -2.436534784941339E-002
 -3.640350379758438E-002
  1.945519441147253E-002
  8.166284848470463E-003
  8.807140242726750E-003
  1.045303328698509E-002
  1.622959571750852E-002
 -8.692458475710494E-003
 -3.385097566164557E-003
 -7.853308398746607E-003
 -9.241444422226536E-003
 -1.378749678163843E-002
  7.299599367045795E-003
  3.081697576485363E-003
  8.855364839324040E-003
  9.737816637111891E-003
  1.548316770217988E-002
 -8.667131776204226E-003
 -3.212393333083836E-003
 -6.406745919323019E-003
 -9.633591524325566E-003
 -1.217572222453590E-002
  5.156109018229261E-003
  3.220656249774038E-003
 -6.082337535113229E-004
  5.528803075544278E-003
 -1.837030355601395E-002
 -2.607512479971783E-003
 -1.270336065562600E-002
  1.119620811446284E-002
 -7.842868784448050E-004
  3.716344233917944E-004
 -2.430456343048862E-003
  5.015012527640592E-003
  9.956725819768252E-004
  3.974305920532504E-003
 -2.772380416033425E-003
  8.061877359654013E-004
  4.009846369404594E-005
  1.131005380950854E-003
  4.199557363545061E-004
 -2.551075842044145E-004
 -5.604871979624104E-004
 -9.897384201012103E-004
 -1.639025583552475E-003
  3.279094326412450E-004
 -3.076097600824520E-003
  4.050141599151629E-003
  1.299122127915102E-003
 -2.994877656856814E-003
  1.173512449286442E-004
 -1.548016498024073E-003
 -5.548492417597914E-004
  4.026493260844204E-005
 -0.659725186475757     
  0.345391529733360     
  0.252911334155545     
  0.575911036411198     
 -6.748398265702665E-002
 -0.102873428013260     
 -1.031813236320865E-002
 -3.531690747332961E-002
 -5.348469022374337E-002
 -5.545612219135675E-003
  4.407873240820156E-002
  6.634905645994391E-002
  7.080344455132081E-003
  5.517430830883045E-004
  1.359842647842779E-002
  8.436064830262923E-003
  3.141379724577266E-003
 -4.336909278523659E-003
 -0.566239731546186     
  0.279971026840617     
  0.200526640293078     
  0.457507152908554     
 -3.054143668464327E-002
  8.080227493471240E-002
 -5.556199056793247E-002
 -1.536280685345130E-002
  4.097232954939097E-002
 -2.808048855407850E-002
  1.848690768059911E-002
 -4.956175299290436E-002
  3.389042202177811E-002
  3.856142713638671E-003
 -7.009806129076831E-003
  5.363628665315434E-003
 -1.079267545310724E-002
  2.938717048429497E-003
