  -25.5800001951803     
  -5.28092587540540     
  -22.1716767601696     
  -7.85596014739081     
  -9.28126864124563     
  -1.43385549579419     
   3.60583533167085     
 -0.999272990195506     
  6.297466364584725E-003
  1.422288226952340E-003
  2.189331758395863E-003
 -3.088392183798971E-002
 -1.714743197225976E-002
 -4.232988147727412E-002
  9.126035680079436E-002
  3.800243867525843E-002
  8.584124346424771E-002
  3.511701638961551E-002
  1.450976281108529E-002
  3.263658208106079E-002
 -7.418938767272287E-003
 -6.435205144855072E-003
 -1.735977447258885E-002
 -1.619693298041835E-002
 -7.611281922699664E-003
 -1.794305009108776E-002
  5.266041338946703E-003
  2.065463460144745E-003
  4.563742009611793E-003
  2.492232585800935E-002
 -6.009590306483042E-003
  7.066425030797069E-002
 -4.623964569151943E-002
 -1.428193461872707E-002
 -2.466212477593551E-002
  1.337076645203134E-002
 -9.422512842892136E-002
  5.393977399952313E-002
 -5.952242798583918E-003
 -1.968087155182863E-002
  7.521908943404654E-003
 -6.133461126672246E-002
  3.457047051344975E-002
 -4.016631090027367E-003
  4.235874644642701E-003
 -3.469699623443900E-003
  1.862287718350464E-002
 -8.592072218011504E-003
  7.206438983176078E-003
  3.358795250554603E-003
  2.491500111145850E-004
  7.540645222038900E-003
 -7.133340846518621E-003
 -8.037223080309519E-003
 -2.419986196487978E-004
  5.210621720559694E-004
 -1.248508813672417E-003
 -3.701183962838139E-004
 -3.161069961545082E-003
 -5.110875476295887E-002
 -7.738179074222390E-003
 -2.672935843364485E-002
 -2.026934616652699E-002
 -1.070056708743837E-002
  9.026308178571224E-003
  3.026890236761656E-002
  3.264559257256136E-002
  2.500170261000204E-003
  2.008251319642498E-002
  1.686533219882742E-002
  9.132503059111063E-003
 -7.652178294855511E-003
 -2.069204245709630E-002
 -2.246418205202010E-002
 -3.416952717548417E-003
 -1.109839040611406E-002
 -1.415866714963976E-002
 -9.202086182629590E-003
  1.069614201361134E-002
  2.061890356401058E-002
 -5.150957723417920E-003
 -1.524195106863564E-002
  2.235555853472515E-003
 -8.790015858995949E-003
  1.744579165335074E-002
 -1.784074982998536E-002
  1.592855119190965E-002
  1.931331964078678E-002
  5.330338915817675E-002
 -8.641898818373758E-002
  4.823354447856101E-002
  0.254521013845516     
 -3.141726887000049E-002
 -7.753142854720313E-003
  1.975992570151217E-002
  6.423805501132188E-002
 -1.560861087948611E-002
  4.844778389994325E-002
  0.156051386424745     
  4.195919344238994E-002
 -8.957026341539599E-002
 -0.293189306596912     
 -6.239699796683779E-002
 -1.948273007283148E-002
 -0.126156935924893     
  0.164483574819580     
  0.264002866824478     
 -0.121051305392502     
  0.101194300527618     
  0.253427070490254     
 -5.024280252570637E-002
  0.138152767017774     
  1.403305470535624E-002
 -4.940900682139716E-003
  0.276559582998054     
  2.876121211482500E-002
 -7.910253094429449E-003
 -0.271585877192605     
 -2.435150390666600E-002
  1.983591023392837E-002
 -2.981790588338499E-002
  8.015693595179595E-002
 -0.223611183590528     
 -4.347840081995583E-003
 -0.398002187509232     
  -25.5549622296029     
  -5.25819738037169     
  -22.1412712532755     
  -7.84540888686276     
  -9.28251737203015     
  -1.44132818330277     
   3.60054767717420     
 -0.997247253400713     
 -1.076916107543013E-003
  4.469443477975732E-004
  1.043195426450572E-002
  4.068865923208431E-003
  6.261062116775129E-003
 -3.893759725258406E-002
 -1.330325375609931E-002
 -8.459725059430490E-003
  0.128151398270802     
 -5.516359604236243E-003
 -2.720674326934125E-003
  5.304694407036936E-002
  6.967037024452338E-004
  2.593023867379474E-003
 -6.488575951877462E-003
  2.084886653868301E-003
  2.666572755592567E-003
 -1.999567775482569E-002
 -7.206308475989909E-004
 -6.693983726907826E-004
  6.944302808828018E-003
  7.337414765889907E-003
 -1.010479253534563E-003
 -4.761197053003816E-002
  3.359966444092588E-003
 -3.515231860848089E-002
 -1.390201269631632E-002
  7.818799945930044E-004
  8.796090721327193E-002
  4.499677800452795E-003
  6.682970875408462E-002
 -8.909878394543380E-003
  3.691848671012465E-004
  6.001247099695356E-002
  4.609014711147441E-003
  4.289614204276271E-002
  3.436154301551420E-003
 -1.448012031656232E-004
 -2.199594566072357E-002
 -2.009151205957932E-003
 -1.645979191571967E-002
 -2.731715934700674E-004
 -3.206851398317445E-004
  3.658297755716744E-004
  2.767013601197701E-003
  1.465271742147278E-003
 -6.079120279172123E-004
 -4.411557748594530E-005
  3.956651622797153E-003
  1.106310365934525E-003
  2.924402318579600E-003
 -5.363704887510609E-003
 -1.421707143106531E-003
 -9.508685171729814E-003
 -1.633784179476143E-002
  9.093580007210289E-002
  1.144287225409285E-002
  1.707007439889560E-002
  4.500726844229756E-003
  5.962235919429737E-004
  6.067546627101281E-003
  1.009985989871628E-002
 -5.782283982146931E-002
 -5.967976691000021E-003
 -1.428013470736209E-002
 -1.740491227552026E-003
  1.167527993512218E-004
 -2.697169834011161E-003
 -4.676705049893766E-003
  2.557736328406546E-002
  7.519681205547801E-004
  5.456909614833971E-003
 -4.023272996353678E-003
 -2.037234694239876E-003
 -1.387862790105716E-002
  1.887931619694215E-003
 -2.613311008659536E-002
 -1.494340461408755E-002
  6.607899025607639E-002
  9.007390994192864E-003
  9.403890953163921E-003
 -0.144219417568810     
  0.132631696928502     
  0.236141993673439     
 -5.594792043894503E-002
 -1.196139967994182E-002
  0.144403023848472     
  0.123878139954256     
 -2.229421540090411E-002
  0.260438430861209     
  0.230361662743432     
  1.459732212727927E-002
 -0.188087680024694     
 -0.151821278576731     
 -3.847588243336766E-002
 -4.509622703008850E-002
  0.189657377414523     
  0.466146701548910     
  0.197395982853905     
 -0.130621240604534     
  0.117667964345835     
  0.248507816617884     
 -5.403855689257857E-002
 -9.764966407812423E-003
 -0.137589856564733     
  8.694341596952478E-002
 -1.919829144190598E-002
 -0.261127734252901     
  0.171426631423364     
  1.518247463281135E-002
  0.224571865989500     
 -0.134582553049264     
 -2.811273329389259E-002
  4.461563884253295E-002
  0.280909212758903     
 -0.398054528948652     
  0.123503159058399     
