-3.666717864497908597e+00
5.339759824236653074e+00
6.201304969901630937e-01
-7.494056954612048349e-01
-2.698760930020983384e+00
2.778155588265429632e+00
1.654712814963723133e+00
3.723898855839282263e+00
-3.990589035386175182e-02
-1.642919030088797402e-02
-3.702821635384506704e-02
-6.513514032684109001e-02
-2.522151178869350141e-02
-5.548186324629983401e-02
-4.262709693944751604e-02
-1.204223421829958562e-02
-2.243480676781573618e-02
3.649884259373192136e-02
1.113122191997024946e-02
2.175902609351357264e-02
3.217329580843102804e-02
1.016644515293296976e-02
2.028192944987380897e-02
-1.649762763369738011e-02
-4.701613940103105925e-03
-8.810217470075798127e-03
-1.913862895162925584e-02
-4.874046360542457802e-03
-8.417080103962830059e-03
2.750301540526823782e-02
-1.009805322075203564e-02
8.627771624516614168e-02
-5.034194028943942550e-02
6.214407175129354729e-04
1.228544949051965651e-02
-4.440928966435074565e-03
3.430420220023176758e-02
-1.677871815989066817e-02
8.841494484049207056e-03
-5.018153220082671728e-03
1.984061427876033287e-03
-1.446669993079728600e-02
6.898387868785085288e-03
-4.293118466702930923e-03
4.786517655288588698e-03
-1.434099191493404561e-03
1.249575305525415028e-02
-6.349478831361808802e-03
2.428176960089394477e-03
-4.940125223730117837e-03
1.898494209746398121e-03
-1.438650922632156957e-02
7.185665414890231480e-03
-3.371460400688047147e-03
4.352665530546559296e-03
-9.805876475283228401e-04
9.664607113880219896e-03
-4.516851625349062142e-03
2.732601835086418719e-03
-1.769241447914840504e-02
-4.610434764138012474e-03
-6.787462421023994497e-03
-5.751239475963791821e-03
-3.372773560472346402e-03
4.127089297070096405e-03
1.242775311332920164e-02
5.994275258267967206e-03
2.013855960021169924e-03
1.780304769675682911e-03
1.906268823377978237e-03
1.240365262451412383e-03
-2.034198818841491656e-03
-5.285950941030083915e-03
-1.849105198110609491e-03
-1.694916183651775298e-03
7.107956549865565967e-04
2.812180368157312532e-04
-1.327128706614602994e-05
1.049808287537695208e-03
2.754199803980554584e-03
-5.488087355690836376e-04
-1.516413275712088235e-03
1.607095151197967078e-04
-6.401792416386266945e-04
1.437774909209704223e-03
-1.617022330266229373e-03
1.285117794861886280e-03
2.247590131314930982e-03
5.530896006905706465e-03
-5.282155022479667617e-01
2.596479472978961978e-01
1.850949710829697670e-01
4.234761413041789324e-01
-1.506816191963086977e-02
2.541768711329456601e-02
8.430743157808093247e-02
-7.345318776890397486e-03
1.295317949451917430e-02
4.284678382484086168e-02
8.462738109552468690e-03
-1.531160237402040547e-02
-5.057063764556258417e-02
-2.973622811120526632e-03
-1.122491802560091935e-03
-4.301949511073748650e-03
6.112775958161808555e-03
1.075588436222136082e-02
-5.919173461207620779e-01
2.872997259134240644e-01
2.049427531231434729e-01
4.670076903916132727e-01
1.046816444923603234e-01
8.975421042070295952e-03
-8.928840443770843377e-03
5.180247182301063458e-02
4.489852135212014234e-03
-4.268369899237006194e-03
-6.254090585426975990e-02
-5.488278620852945523e-03
4.942754370479214739e-03
-1.474328071131826134e-03
2.276130773286720588e-03
-6.376096902527649338e-03
-8.995520739984448188e-04
-1.328936318092248554e-02
-3.665603072980992749e+00
5.325283686952580808e+00
6.104465924023008139e-01
-7.522555638308449089e-01
-2.656757768719581136e+00
2.725618000846721678e+00
1.622084782478412812e+00
3.649801166893006599e+00
5.988269263137617655e-03
3.677874534055923430e-03
-5.779030100573476214e-02
9.916529237956337242e-03
5.164433323732161261e-03
-9.575171306338890742e-02
6.902547706279191578e-03
1.056014661195393443e-03
-6.679032534246154285e-02
-5.813078031284768347e-03
-1.409566672491379758e-03
5.621953903323324842e-02
-5.163860874799607904e-03
-1.581871461455497396e-03
4.992251659572395639e-02
2.823254055434130244e-03
6.064495814926039669e-04
-2.730863988765490705e-02
3.335796027683032763e-03
3.910220153864637344e-04
-3.228440101106837962e-02
1.175415051076699260e-02
-7.994839671945052880e-04
-7.526983417845775626e-02
-2.691173199890818570e-03
-5.638312973573995218e-02
5.484136941401943077e-03
-1.489111595677241576e-04
-3.793163198459905544e-02
-3.700173546014589188e-03
-2.637517883837754706e-02
-2.377943068246882521e-03
4.325789648348784324e-05
1.731333654080533316e-02
1.894501286990351880e-03
1.144449216268887334e-02
1.903543630507507044e-03
-6.472343902101317071e-05
-1.390983329838693487e-02
-1.229501684004097968e-03
-9.153264067524162842e-03
-2.282396531743911827e-03
6.821902288447894444e-05
1.631976343211032424e-02
1.530724756199120266e-03
1.097658865804083603e-02
1.539945590008030742e-03
-1.951081268096222676e-05
-1.172364563352963802e-02
-1.358606070406165973e-03
-7.415083880802252579e-03
-7.371020616041812877e-04
-3.950453502670163018e-04
-2.820174750238911305e-03
-4.908375040085634008e-03
2.692470294475437717e-02
3.172191576047521302e-03
2.384861863061969386e-03
6.899678116064917460e-06
9.873396652218454370e-05
8.641075978980596473e-04
1.427123294280217142e-03
-8.248519039897629634e-03
-8.403067876584809472e-04
-4.100741722502489672e-05
5.502181163202809859e-04
-2.968087697694402689e-05
-1.244662214960031766e-04
-1.494018159079934724e-04
1.197102871641517446e-03
1.334998887857150322e-04
-1.722404373027633818e-03
-2.383940047816155686e-04
-1.773221158774630009e-04
-1.254669211881635858e-03
1.764927166927507092e-04
-2.970144153130434197e-03
-1.513110886998442596e-03
5.962510380942617587e-03
7.862474615247798827e-04
5.623401093148554936e-04
-6.217130588150163728e-01
3.009260497992291561e-01
2.158005768894996346e-01
4.904700807668035401e-01
-6.680138129301229841e-03
9.092201547906321457e-02
6.974184530927175774e-02
-3.262222893033403254e-03
4.414922111277917727e-02
3.404419345818490705e-02
4.023236619625085095e-03
-5.384566687208375974e-02
-4.195259225600113384e-02
-7.925521658253733680e-04
-1.368042171789613437e-03
5.786543333512767645e-03
1.404209008878682351e-02
4.190530073214494833e-03
-6.032673771765586501e-01
2.933902349667723564e-01
2.098937969855287633e-01
4.776689668385802334e-01
-6.119776339517365993e-03
-9.675831022570104134e-02
5.389722777130399184e-02
-3.019784084759004252e-03
-4.746788301114462233e-02
2.661080136986211306e-02
3.697228958453519995e-03
5.758800847171786225e-02
-3.260989144918104848e-02
-5.488406065238839431e-04
1.381776366501392744e-03
8.974572045359365674e-03
-1.238899531656222942e-02
2.281534512190273693e-03
