  -3.66626023106074     
   5.32873010361077     
  0.615995811460341     
 -0.749573613153298     
  -2.68086288415071     
   2.75231812838123     
   1.63550899398951     
   3.67843852597386     
 -4.362937117286396E-002
 -1.657463225931236E-002
 -3.613240240466144E-002
 -7.460082783417156E-002
 -2.558731270267390E-002
 -5.327910770583089E-002
 -5.895888952480102E-002
 -1.267675662490989E-002
 -1.881241912056838E-002
  4.901445943025214E-002
  1.162408840185686E-002
  1.898910286279991E-002
  4.629693105076087E-002
  1.075782616397337E-002
  1.726003722569074E-002
 -2.894799948149025E-002
 -5.257166592032000E-003
 -6.252356199921312E-003
 -3.451456001117653E-002
 -5.573077232942989E-003
 -5.287044433676655E-003
  2.743754878465140E-002
 -1.091884473312192E-002
  8.767969346687021E-002
 -4.969392530696144E-002
  5.149553182230357E-003
  1.213082331646709E-002
 -5.862774897941647E-003
  3.709647638102755E-002
 -1.591290764818916E-002
  1.626695243062817E-002
 -4.947614727277181E-003
  2.493379241882563E-003
 -1.547294271997829E-002
  6.615237365140698E-003
 -6.897163340253539E-003
  4.680988035909182E-003
 -2.088192643306666E-003
  1.380592255632590E-002
 -6.033074688149165E-003
  5.677129273958024E-003
 -4.855720509054182E-003
  2.415562353743394E-003
 -1.540542350160305E-002
  6.912914921884484E-003
 -5.974360830436759E-003
  4.242260539668397E-003
 -1.810730101974279E-003
  1.135919702870456E-002
 -4.127926722999875E-003
  6.867406004455547E-003
 -1.691018237290696E-002
 -4.623935437732813E-003
 -6.163449297833110E-003
 -5.717719337240037E-003
 -3.507472173100506E-003
  4.529631946763446E-003
  1.260393110714686E-002
  5.228044591912162E-003
  2.041808865184035E-003
  1.146434747306565E-003
  1.863763124294201E-003
  1.362911354625080E-003
 -2.423426440837279E-003
 -5.450598327204318E-003
 -9.136021559226464E-004
 -1.744029184295870E-003
  1.513084002411769E-003
  3.374747426131009E-004
 -1.693027027197197E-004
  1.532653693834629E-003
  2.952925260193941E-003
 -5.746914454560376E-004
 -1.472767196546040E-003
  1.581961480670651E-004
 -5.803364761058008E-004
  1.363925473627953E-003
 -1.655671620070706E-003
  1.151875510580573E-003
  2.279117171745736E-003
  5.395043851473862E-003
 -0.520889102810925     
  0.252934550253319     
  0.179753469085091     
  0.411259729549475     
 -1.500217444163891E-002
  2.480098266001352E-002
  8.256414304649998E-002
 -7.446485100938557E-003
  1.242824278766293E-002
  4.134070505875067E-002
  8.730967043875899E-003
 -1.458563315060461E-002
 -4.852100992563036E-002
 -2.913915689405746E-003
 -1.088420356114461E-003
 -4.238673138471961E-003
  5.979273581856169E-003
  1.048700428168145E-002
 -0.625049337889784     
  0.319779379984706     
  0.231547126432167     
  0.528094052474372     
  0.112390381356898     
  9.767808831462485E-003
 -9.082479942910318E-003
  5.811974020169959E-002
  5.176653053205304E-003
 -4.309985808147957E-003
 -7.101249517826591E-002
 -6.458311602771382E-003
  4.849397183147493E-003
 -1.518004712702621E-003
  2.456507666704231E-003
 -6.852702469406986E-003
 -9.279935146859431E-004
 -1.419731336896273E-002
  -3.66390147524369     
   5.28272005497742     
  0.594577766356816     
 -0.752685703877835     
  -2.58825724897170     
   2.62819647969071     
   1.55084127238064     
   3.48212642888319     
  6.647960978297995E-003
  1.962226474163307E-003
 -6.421197098697114E-002
  1.157964701168154E-002
  9.895420746753897E-004
 -0.112055010377025     
  9.751248577044033E-003
 -5.652124521144133E-003
 -9.492434508878779E-002
 -7.996597554287227E-003
  3.611459652865439E-003
  7.775074484611272E-002
 -7.626922776427581E-003
  3.967241928407357E-003
  7.419592954583840E-002
  4.982766066962545E-003
 -4.281770955162029E-003
 -4.859565640434066E-002
  5.987650370709361E-003
 -5.612239904016548E-003
 -5.841434214323686E-002
  1.249216372400416E-002
 -6.024908395008409E-004
 -7.948610494502568E-002
 -5.246303347269774E-003
 -5.999484161354212E-002
  6.879684614069158E-003
  1.724840290773923E-004
 -4.538935087383747E-002
 -7.948080424626724E-003
 -3.309852986872031E-002
 -2.886041717116772E-003
 -6.503129895546598E-005
  1.991788184734227E-002
  3.337945901880739E-003
  1.390778580754131E-002
  2.547082610023356E-003
  7.434790787156948E-005
 -1.700720557156479E-002
 -3.061794982400497E-003
 -1.226474295216323E-002
 -2.797874288217234E-003
 -3.971593732739902E-005
  1.886701213653146E-002
  2.969044232135734E-003
  1.347042668495899E-002
  2.340070582670123E-003
  1.621493513627876E-004
 -1.565606107518992E-002
 -3.726002953556178E-003
 -1.128662478406554E-002
 -5.802255021179337E-004
 -2.980467333873228E-004
 -2.610450919434093E-003
 -4.591766517440468E-003
  2.491030121400139E-002
  2.606481071801062E-003
  1.875402012869051E-003
 -1.620676619492855E-004
  9.957774218563971E-006
  6.576071242555078E-004
  1.108912929332066E-003
 -6.250511651192150E-003
 -3.080758642063277E-004
  5.040219140593789E-004
  7.767688773864632E-004
  7.560361093925158E-005
  1.315099342777512E-004
  2.412915329121780E-004
 -1.278403318299893E-003
 -5.068830804550927E-004
 -2.449925642166789E-003
 -2.141628221164085E-004
 -1.535686941778101E-004
 -1.185968264773328E-003
  1.727315155001021E-004
 -2.896300294367714E-003
 -1.503041518999743E-003
  5.627947125202664E-003
  6.981694251617183E-004
  5.039834355555366E-004
 -0.682963183341071     
  0.360626286564869     
  0.264988702443666     
  0.603303071852350     
 -7.525905370070284E-003
  0.101051448062818     
  7.854057996522883E-002
 -3.947878796603205E-003
  5.276828809302293E-002
  4.118663122098406E-002
  4.950979511208494E-003
 -6.582500599423774E-002
 -5.163340390914387E-002
 -9.344803124649745E-004
 -1.471630558105907E-003
  6.273216880746313E-003
  1.514438286295100E-002
  4.899600523268142E-003
 -0.639677178178717     
  0.329236407340452     
  0.239660037376553     
  0.545940548149639     
 -6.612846417582503E-003
 -0.103809451795351     
  5.831933504887286E-002
 -3.415508795473762E-003
 -5.366277937529705E-002
  3.012341684337227E-002
  4.229709841778679E-003
  6.636825051685469E-002
 -3.731128591360510E-002
 -6.390833181940916E-004
  1.447053587303633E-003
  9.417538736228161E-003
 -1.296721185547937E-002
  2.696396449872865E-003
