  -25.5443656930289     
  -5.24868728317765     
  -22.1287841440347     
  -7.84142103778512     
  -9.28082712676073     
  -1.44466258475726     
   3.60013909054817     
 -0.996703704823380     
  1.034198124667274E-002
  1.461128170940906E-003
  4.520974686996526E-003
 -3.140528576358737E-002
  1.308925025853225E-002
 -1.144683488734355E-002
  0.112541186637918     
 -1.502800719806685E-002
  4.509318509560911E-002
  4.980864157074549E-002
 -4.606661350162522E-003
  2.026573091720429E-002
 -3.243184905291407E-003
  5.248734589732074E-003
 -6.858257584694272E-004
 -1.537130896534467E-002
  5.515815631739862E-003
 -5.702780019470666E-003
  5.660689059263868E-003
 -1.405031814147251E-003
  2.183319812099238E-003
 -1.756656118588501E-002
  1.249102632430404E-002
 -4.141102459720662E-002
 -7.808874495297186E-003
  1.874504272335191E-002
  4.060942475110135E-002
 -4.629469363110206E-004
  9.542746671077315E-002
  2.938526487499732E-002
 -3.825518680406303E-002
  2.762075167965738E-002
  2.987353042591012E-003
  6.456621729299183E-002
  2.121411714484633E-002
 -2.541227760079456E-002
 -1.016646154890111E-002
 -8.936291362205973E-004
 -2.482758555617104E-002
 -7.980760640505902E-003
  9.410331423269191E-003
  3.246861466251971E-003
  5.592467091796172E-003
  3.411485075760501E-003
  3.638855579371603E-003
 -2.069624579702500E-003
  2.368945173924775E-003
  1.533928004937429E-003
  5.009945101050461E-003
  2.211199151177456E-003
 -1.962310918958932E-003
 -2.476777660479129E-003
  3.124476267360096E-002
  8.826879629900659E-002
 -3.058120987868406E-002
  3.168824164701392E-002
 -1.962095910521267E-003
 -1.532915592364879E-002
  2.763574881220435E-003
 -1.763630946939879E-002
 -5.467057209638604E-002
  1.858641224366511E-002
 -1.916566680232942E-002
 -9.224633324472487E-004
  1.147499368461707E-002
 -1.034513814146314E-003
  3.547224536489826E-003
  1.951065743197954E-002
 -7.669197427143476E-003
  5.710932688627240E-003
  2.671908703782033E-003
 -2.758999270988688E-003
 -7.540792679883043E-003
  8.249993867560992E-003
  4.179203921674807E-002
 -2.362047151935551E-002
 -1.584913692945765E-002
  1.569452748997641E-003
 -4.377864671475747E-002
 -2.127604514930118E-002
 -2.929609965994208E-003
 -0.133438939255585     
  0.123626732026346     
  0.244323853205714     
 -5.468250635676790E-002
  7.421718868990258E-002
 -0.154975926572202     
  1.047963160457405E-002
  0.147208808801640     
 -0.288718079359856     
  2.331628568245667E-002
 -0.108862196729673     
  0.232089035355653     
 -1.477488350455796E-002
  2.479635925585708E-002
 -0.358721819099629     
  0.361201972412406     
 -5.547155273155056E-002
 -8.494744473840334E-002
 -0.165739632903353     
  0.155576731225938     
  0.209516226705285     
 -5.637200409085540E-002
  0.133030841861688     
  0.179882573646242     
  7.918085921601280E-002
  0.232160223077718     
  0.299667299642325     
  0.136355040894142     
 -0.112448132753949     
 -0.160088238135198     
 -6.800033688046338E-002
  0.198887584424547     
  0.450595951762522     
  0.206197562964611     
  0.264853724572071     
 -0.108252358730321     
  -25.5420357887439     
  -5.24567277703642     
  -22.1261479872231     
  -7.84110211804998     
  -9.28143134950837     
  -1.44612451683133     
   3.60013574254813     
 -0.996537088041481     
 -1.054520474269927E-002
  1.543758009130647E-003
 -5.483888698320616E-003
  2.738015085182099E-002
  9.979142026933507E-003
  1.563772555784604E-002
 -0.106361275975404     
 -9.404730388721472E-003
 -5.775706322408292E-002
 -4.773943262612956E-002
 -2.339475032708149E-003
 -2.577233914003862E-002
  1.827422299049086E-003
  4.079981831484836E-003
  1.406849526061071E-003
  1.364832857719311E-002
  4.207457449394103E-003
  7.710382045372777E-003
 -5.188753819494130E-003
 -1.055371616064726E-003
 -2.873948063758291E-003
 -2.048646615166871E-002
 -3.864052919300587E-003
 -3.787109885425814E-002
 -1.092247168358013E-002
  1.277461392849544E-002
  4.501351777125262E-002
 -1.450921875584776E-002
  9.816169361120516E-002
  1.445439209870067E-002
 -3.075245155931167E-002
  3.025128535779975E-002
 -1.278438874276722E-002
  6.764627775882248E-002
  8.410365156895194E-003
 -2.098661893482134E-002
 -1.120085289814343E-002
  4.237341912363690E-003
 -2.595408784897879E-002
 -3.513905815502039E-003
  7.720470706676585E-003
  3.188363266187322E-003
 -5.496998770254669E-003
  5.809518734534835E-003
 -1.522274601988505E-003
 -2.735146534204258E-003
  2.503894337703094E-003
 -1.997037235964089E-003
  5.803512268845679E-003
  2.291391319970137E-004
 -1.849470761695782E-003
  3.178275701871014E-003
  4.612276278205762E-003
 -8.955845289532333E-002
 -1.973046199722508E-002
 -5.003481115226108E-002
 -2.201939732569509E-002
  1.439933132546499E-002
 -1.914856286752559E-003
 -8.658110979146150E-004
  5.395310159003294E-002
  1.180811637687967E-002
  3.047610609184195E-002
  1.232410015726798E-002
 -1.114264624386518E-002
  2.034993031299406E-004
 -2.121168764178838E-003
 -1.623083755195591E-002
 -4.734064249996825E-003
 -9.920962638190124E-003
 -2.077593293819513E-003
  2.710829829199811E-003
 -7.048569388447442E-003
  1.280087090358673E-002
  5.510565383601772E-002
  7.361010330537716E-003
 -1.647390597898137E-002
  1.299721470392332E-002
 -3.628420280077441E-002
  9.636474934573279E-003
 -1.452342887891908E-003
 -0.141872985083808     
  0.133515679457105     
  0.236791949172788     
 -5.599079431183084E-002
 -7.055148267133014E-002
 -0.167716165520379     
 -5.406978297172683E-002
 -0.136352491064785     
 -0.303171748242590     
 -0.102484775038847     
  8.852651716206392E-002
  0.217419964646861     
  6.854582140680959E-002
  0.102909464944685     
  0.319304219022425     
  0.354300146444760     
  0.240967420089452     
 -2.782725801530995E-002
 -0.169209040085261     
  0.159276182060041     
  0.205379275243058     
 -5.640035419234006E-002
 -0.137984956093556     
  0.194902095224905     
 -5.443797602370821E-002
 -0.237791726197085     
  0.322078175990600     
 -9.521970979386266E-002
  0.110226117886267     
 -0.163561095125740     
  4.272434841201820E-002
  0.135731253595183     
 -0.482437889059083     
  0.264442053295768     
 -0.192881836876053     
 -0.144905177557663     
