-3.665169470641559180e+00
5.321848710057789589e+00
6.077228545299701024e-01
-7.525864496823081451e-01
-2.645200909703508074e+00
2.712015103418770945e+00
1.613374027719240766e+00
3.629834576149130854e+00
-5.224680114900404765e-02
6.641833860696013357e-03
-2.091290984719247278e-02
-8.749153415629196129e-02
9.200959226447291348e-03
-3.527381148311761055e-02
-6.354016430269891769e-02
1.373676843659405681e-03
-2.631759962727863583e-02
5.272859519805947470e-02
-2.173063142512139494e-03
2.170329744869367236e-02
4.672500907324570601e-02
-2.659222816077013839e-03
1.913543362900382155e-02
-2.642456163894084734e-02
1.008741699563131880e-03
-1.088704223989923545e-02
-3.163788555051145340e-02
5.532025735058347616e-04
-1.312129597444579646e-02
-3.360742575160435147e-02
3.105965718503305058e-03
-7.660017669824259468e-02
-2.270704061052173164e-02
3.227856922541841311e-02
-1.700173211388845279e-02
-2.801146524084001475e-03
-4.087391485621558879e-02
-1.372396128947927715e-02
1.549047686627611289e-02
7.553148149133878837e-03
1.831230723531727467e-03
1.943359377089236978e-02
6.625357391208272495e-03
-6.754112750606445538e-03
-5.935900261301496096e-03
-8.408099322100581492e-04
-1.508418062113534887e-02
-4.924223963910146287e-03
5.421208224369197110e-03
7.108669602046408138e-03
1.202615635774220574e-03
1.808113759798731998e-02
5.979179250005132312e-03
-6.455929400839828351e-03
-5.063371271409710349e-03
-1.281455982403677859e-03
-1.264822980645305579e-02
-4.375500179485187179e-03
4.523554450172429658e-03
5.512819844706942380e-05
8.250167657659641246e-03
2.488777173805983498e-02
-8.854318658787614649e-03
8.760445704657334604e-03
-4.792330594325516779e-04
-2.290263985053386797e-03
-1.942006933659620889e-04
-2.179957656081423292e-03
-7.349620830885352993e-03
2.426271314172171595e-03
-2.590293622815163614e-03
9.599529464788419432e-06
1.286062475428618817e-04
5.391266430185646247e-04
5.327141099593880533e-05
6.950281234921608202e-04
-4.156482898641836697e-05
3.054763760993662236e-04
-1.387495231130851257e-04
1.274426552414291772e-03
-4.630097301681223199e-04
7.194363593971352631e-04
3.674529886836321122e-03
-2.334938277423514660e-03
-2.110870420173080290e-03
-2.573475675253186247e-04
-4.005509831798677658e-03
-1.844845723848210009e-03
-2.500264770109432585e-04
-6.044907283193824421e-01
2.951715956164356891e-01
2.115190296024093142e-01
4.811117568235562247e-01
4.350880484997125819e-02
-1.044928812472918633e-01
4.361620161303293719e-03
2.143434706719449245e-02
-5.125929590945537545e-02
2.177545022632356407e-03
-2.640655152246349988e-02
6.253255768720888952e-02
-2.764136522679894528e-03
-3.800758080116889794e-04
-1.061788878168621296e-02
1.141969441362014268e-02
-1.682747178919594697e-03
-1.413731588854931932e-03
-6.444332117642059821e-01
3.110164546730313506e-01
2.243995307697354002e-01
5.089380304838251323e-01
6.286561386959425846e-02
9.609307851959188185e-02
3.889278922466582467e-02
3.021791916789830224e-02
4.599450240427443298e-02
1.866906057628783464e-02
-3.780971539034080203e-02
-5.676817276025834802e-02
-2.325626181755123187e-02
4.152789532085475986e-03
1.263691829328403467e-02
6.015803985802916851e-03
7.214648800769121739e-03
-1.638635766926112292e-03
-3.665054106670437850e+00
5.319453420858479831e+00
6.062822856531654425e-01
-7.528336175614721570e-01
-2.639203838858944273e+00
2.705071630207188882e+00
1.609132162983476277e+00
3.620223100098368896e+00
4.942694387017590452e-02
4.089089416127743987e-03
2.676292653562768742e-02
8.326484300214460899e-02
5.354543335721382788e-03
4.493438367983223353e-02
6.191915199949396542e-02
-2.634231625294998838e-04
3.299837539901204209e-02
-5.117794907999169418e-02
-5.954875172751582669e-04
-2.735391764764004766e-02
-4.524170782723031803e-02
-1.115797628428120058e-03
-2.423892539089885639e-02
2.575437626262218685e-02
2.347544905515295687e-04
1.375899249183186630e-02
3.099509188413876806e-02
-2.312226599206499485e-04
1.650836286627395746e-02
-3.753846001851808556e-02
9.579795394587935567e-03
-7.760697199018000425e-02
-1.266806383112429636e-02
2.544090367486280535e-02
-1.856954401765930490e-02
8.489966876058911011e-03
-4.283162767412666827e-02
-5.049035428520882302e-03
1.299001985233559989e-02
8.156854708947594915e-03
-4.403708391360715638e-03
2.056403282436393420e-02
2.161437495652047177e-03
-5.770816575298597616e-03
-6.468422760427718771e-03
2.957741481453547011e-03
-1.573731726077480866e-02
-1.898210128090841104e-03
4.518071043828422034e-03
7.735008343738637195e-03
-3.698690051633239488e-03
1.895928687739210916e-02
2.208649652874667552e-03
-5.420650054373766721e-03
-5.455450150818157151e-03
2.960536142647186755e-03
-1.338699358149127681e-02
-1.374945827038439932e-03
3.864496856909159766e-03
6.235935185641229344e-04
1.077376589905459882e-03
-2.465301381856672622e-02
-5.662196547508388002e-03
-1.389192765705072642e-02
-5.675737758078305134e-03
1.914138431809028979e-03
-1.012449511934548744e-04
-1.613051943663516147e-04
7.099441061453532972e-03
1.481514617918694475e-03
3.998727597771666899e-03
1.463851139964780822e-03
-8.046902712417075294e-06
-1.312548918193040613e-04
7.425744643287129259e-05
-5.672714223193984703e-04
5.605429071180027031e-05
-2.807703622787910153e-04
1.972754385329853269e-05
-1.350800086816308140e-03
-4.381847709542947529e-04
1.111303834017128480e-03
4.952317335278686242e-03
9.740309451601756804e-04
-2.276746832791110876e-03
1.070461547664623052e-03
-3.198766906101068331e-03
8.124515213935001564e-04
-5.825777309098888494e-05
-6.156293007084114866e-01
2.998360761271543495e-01
2.151699651012367320e-01
4.890539076693795617e-01
-3.780892120305971021e-02
-1.051919239079702612e-01
-3.048978062152459673e-02
-1.853258289977715093e-02
-5.122920439343911503e-02
-1.491240394203963322e-02
2.298939390634263322e-02
6.271427794156730906e-02
1.841668093426736610e-02
1.629813974359208472e-03
9.290397345278459187e-03
1.082907339678635360e-02
6.938075025521147840e-03
1.020392442245959808e-04
-6.480158860585880642e-01
3.124838451587356181e-01
2.256187136090092304e-01
5.115880901720003537e-01
-6.414809753970418527e-02
1.011373682652781658e-01
-2.428637552561095647e-02
-3.074896157690265933e-02
4.824439067730276753e-02
-1.166458979364434247e-02
3.851367739634788123e-02
-5.965021146379315131e-02
1.468637386402544924e-02
2.125525571373165432e-03
-1.312082748309036789e-02
7.504943057357552766e-03
-5.378268725637038589e-03
-2.897057842347540435e-03
