  -3.66281474531770     
   5.26384703212541     
  0.586371892417119     
 -0.752369641245232     
  -2.55355958288146     
   2.58485043625451     
   1.52162174941932     
   3.41461382823724     
 -5.985438307420030E-002
  1.930700886206188E-003
 -2.472562734150644E-002
 -0.106400707421485     
 -2.225564709308790E-003
 -4.465961277176422E-002
 -9.487540061012247E-002
 -1.699483935648267E-002
 -4.168837378434367E-002
  7.629406562708697E-002
  1.156438443222874E-002
  3.326464598761094E-002
  7.268626867451151E-002
  1.259561205019925E-002
  3.189248167015249E-002
 -4.903861440036997E-002
 -1.248321749302005E-002
 -2.202547173366407E-002
 -5.941576895479390E-002
 -1.598054921914257E-002
 -2.680594118321750E-002
 -3.740477977879027E-002
 -1.918006564515009E-003
 -8.281557120520106E-002
 -2.683416341523645E-002
  3.489282030094457E-002
 -2.337444921069588E-002
 -1.121348235221981E-002
 -5.130385920325765E-002
 -2.069096341505042E-002
  2.003312354704772E-002
  9.760488124392385E-003
  4.688015363911837E-003
  2.293269355803020E-002
  8.989326838981912E-003
 -8.339877508464360E-003
 -8.710493883212279E-003
 -4.548926968392404E-003
 -1.909278411142903E-002
 -7.852313513015503E-003
  7.397196471284060E-003
  9.316069105645400E-003
  4.069445499092755E-003
  2.144948944024611E-002
  8.316870293405576E-003
 -8.040909901130539E-003
 -8.581528639558286E-003
 -6.090248572452294E-003
 -1.768156141885646E-002
 -8.119682946820776E-003
  7.009978853726308E-003
  8.516380265692409E-005
  6.913974095280350E-003
  2.240111301839345E-002
 -8.219045620044640E-003
  7.642462699190186E-003
 -3.013102631872725E-005
 -1.683275341657552E-003
 -2.384634879517648E-004
 -9.191797815741820E-004
 -4.960108658522840E-003
  1.806036217692631E-003
 -1.541544059512385E-003
 -4.024825624924250E-004
 -4.546087528318079E-004
  6.024894250524562E-004
 -1.465344114667032E-003
 -2.192962647818673E-003
  7.110473720633757E-004
 -9.587948651321365E-004
  3.499112328565102E-004
  1.998607291684585E-003
 -4.005461804275281E-004
  6.796699721240075E-004
  3.314661580090923E-003
 -2.325764547140093E-003
 -2.038602778373946E-003
 -3.612270043147247E-004
 -3.720870925867830E-003
 -1.626902481760364E-003
 -2.166198616680904E-004
 -0.637454793202282     
  0.326354838027508     
  0.236952481967431     
  0.539674421762479     
  4.728644193375552E-002
 -0.111452893993780     
  4.955291206391123E-003
  2.431297643946398E-002
 -5.720659916629926E-002
  2.562634956437936E-003
 -3.013259587749609E-002
  7.084840170240933E-002
 -3.181596365772556E-003
 -2.114813737452973E-004
 -1.118341873515954E-002
  1.188689310516379E-002
 -1.762964294530115E-003
 -1.677731159812276E-003
 -0.741069388806858     
  0.403259616880026     
  0.299540894358468     
  0.681521788539812     
  7.486497714974880E-002
  0.111052464046072     
  4.581285648217718E-002
  3.978022436683707E-002
  5.831743738682106E-002
  2.425378574507905E-002
 -5.058445338790014E-002
 -7.362141412829713E-002
 -3.076980170271536E-002
  4.979243461867086E-003
  1.413466043892111E-002
  6.607415376213053E-003
  8.099994574215704E-003
 -2.166922292771729E-003
  -3.66237283153037     
   5.25363855050548     
  0.582117390387395     
 -0.752413260201893     
  -2.53558971464449     
   2.56191177494214     
   1.50605105250022     
   3.37854312864290     
  5.767304731593013E-002
 -2.945253331602137E-004
  3.075113713929166E-002
  0.103689941823590     
 -5.245378569978547E-003
  5.478673982171460E-002
  9.553436683536271E-002
 -1.719051878915739E-002
  4.916461608647774E-002
 -7.638312109339551E-002
  1.201612195144661E-002
 -3.949313932465022E-002
 -7.291200414033933E-002
  1.282989737337313E-002
 -3.755882287852200E-002
  4.983778119231582E-002
 -1.208238392721575E-002
  2.533401034065593E-002
  6.057030840531535E-002
 -1.531355078773798E-002
  3.073359365481808E-002
 -4.114718687667146E-002
  1.495392657687540E-002
 -8.561757088922677E-002
 -1.162567079530942E-002
  2.835014076676199E-002
 -2.463784722843949E-002
  1.747428216346622E-002
 -5.612477625450973E-002
 -3.320380351613328E-003
  1.798899910382309E-002
  1.025920617678592E-002
 -7.427482331925235E-003
  2.497940759734101E-002
  1.574278520422573E-003
 -7.493671106229208E-003
 -9.081774716945417E-003
  6.819562815539599E-003
 -2.087082282424463E-002
 -1.054536909315717E-003
  6.673746423152007E-003
  9.831572906728873E-003
 -6.712490615613954E-003
  2.321934367676197E-002
  1.600092618433055E-003
 -7.139116000222857E-003
 -8.750685908457997E-003
  7.955965350334420E-003
 -1.988779926156821E-002
 -2.495484392927140E-004
  6.596742327710576E-003
  4.711746465303115E-004
  5.303513677615589E-004
 -2.175200795778641E-002
 -5.287014288431854E-003
 -1.239733224420261E-002
 -4.699215102666235E-003
  1.377987676877091E-003
  5.004630659088944E-005
  3.369309489594286E-004
  4.338211672922638E-003
  1.108079163670483E-003
  2.580223101075312E-003
  5.455662996855675E-004
  5.123214622572336E-004
 -3.145891359113370E-004
 -5.145964070385808E-004
  2.746642743273616E-003
  5.082709925645922E-004
  1.424141366487163E-003
  1.119180424057915E-003
 -2.000702233475024E-003
 -3.794171669094796E-004
  1.001928174494905E-003
  4.529203483909422E-003
  1.069942313246489E-003
 -2.229134358378060E-003
  1.021160525197293E-003
 -2.871016871182718E-003
  6.813044351449431E-004
 -5.337550879247286E-005
 -0.660761068372935     
  0.342530441689306     
  0.249889732223840     
  0.568957270934944     
 -4.208254268314485E-002
 -0.114322305717398     
 -3.362287995120263E-002
 -2.179684006375264E-002
 -5.892761908080868E-002
 -1.738830789362866E-002
  2.721277884206960E-002
  7.338871579902977E-002
  2.169043726739227E-002
  1.978597672281193E-003
  9.929880356132917E-003
  1.143788528775029E-002
  7.416257261775888E-003
 -5.167389472255284E-005
 -0.748749865915582     
  0.408382074560019     
  0.303589922146013     
  0.690715717265388     
 -7.667070332331261E-002
  0.117639003648043     
 -2.928738083315653E-002
 -4.070616015386058E-002
  6.178861467814146E-002
 -1.561714604923126E-002
  5.179468725399555E-002
 -7.813840969623821E-002
  1.991794018817223E-002
  2.774819454556254E-003
 -1.479234640332295E-002
  8.301480454423218E-003
 -6.040297844082672E-003
 -3.522005567917022E-003
