  -25.5609616787870     
  -5.26440558095433     
  -22.1484435891801     
  -7.84727590296865     
  -9.28197066984930     
  -1.43878097386041     
   3.60124272379868     
 -0.997713640134902     
  9.091385643048011E-003
  4.631587854675434E-004
 -1.092272533170124E-003
 -4.395322569336235E-002
  1.741899908864530E-003
  5.476958145643529E-003
  0.129629630482731     
 -3.426802285815267E-004
 -1.585587524402676E-002
  5.211999068596906E-002
  1.553313104052378E-004
 -6.386966296931362E-003
 -9.596739806854160E-003
  1.062535221999061E-003
  1.235130230108350E-003
 -2.203791504185393E-002
  6.123274574986182E-004
  2.716481090640155E-003
  7.282989131762674E-003
 -8.475059054147138E-005
 -8.904791532580170E-004
  1.032436946089318E-002
  2.046912712970639E-003
 -5.108572087037722E-002
 -6.744926722151073E-003
  4.124182454065023E-002
 -1.736774889651951E-002
  1.119120374122540E-003
  8.429941455319692E-002
  1.070363373674274E-002
 -7.035450014947961E-002
 -1.090542330079897E-002
  1.250031913717087E-003
  5.711410008829354E-002
  7.024686620771714E-003
 -4.429826672751153E-002
  4.076416994003143E-003
 -7.931347006798761E-004
 -2.028918572957095E-002
 -2.495464585030908E-003
  1.664774919974132E-002
  2.201393256357764E-004
  1.284235829965286E-003
 -1.810658868901305E-003
 -3.487377202949782E-004
  6.214574513457860E-004
 -5.679662331154640E-004
  4.768784127482106E-004
  3.133496584110718E-003
  3.322404919873269E-004
 -2.410358642893282E-003
 -1.597732208950581E-002
  7.053011000244691E-003
  8.560821386418987E-002
 -1.502291751586837E-003
 -1.042252321757733E-002
 -3.771167933498479E-003
  5.934439500587946E-003
  1.427633958882529E-002
 -4.950075064494575E-003
 -5.587255003374024E-002
  8.292749782472381E-004
  6.833135682109914E-003
  2.063260388811633E-003
 -5.375921314731885E-003
 -6.670415919973808E-003
  2.785447317297685E-003
  2.930259771831977E-002
 -4.749698045956804E-004
 -3.671983212445856E-003
 -1.264423214637836E-004
  2.568043972311598E-003
  4.577105248665725E-003
 -3.576967488399113E-003
 -1.584175518321249E-002
 -5.735175592439523E-004
 -2.927917502950651E-002
  2.490262578584208E-003
 -6.428859536573643E-002
 -5.929387639687769E-003
  8.884663479243056E-003
 -0.124069799312131     
  0.108358738052699     
  0.252926591632681     
 -5.214841881107943E-002
  8.867291486709367E-002
 -0.117741394588371     
 -1.659854158142212E-002
  0.178567199105053     
 -0.229181408035671     
 -3.305877681972615E-002
 -0.156637308398810     
  0.219161862202554     
  2.988879768499202E-002
 -5.616947270962964E-002
 -0.399245605730411     
  0.209337577766248     
  7.416030331315296E-002
 -0.144471731364836     
 -0.130041378422340     
  0.115550698568731     
  0.248584521469210     
 -5.352255111487948E-002
  9.922261583439174E-002
  0.125998827612859     
 -5.805656920716475E-003
  0.194679060517524     
  0.239710578736364     
 -1.179597113593750E-002
 -0.156714437725644     
 -0.210633434634232     
  8.611623581983096E-003
 -1.933341587582679E-002
  0.423120073932139     
  0.207257878305821     
 -2.541563340345980E-002
 -0.165188403194205     
  -25.5502753279761     
  -5.25457176901320     
  -22.1358628351121     
  -7.84347421690367     
  -9.28067753043763     
  -1.44239435571901     
   3.60079364147612     
 -0.997128281627758     
 -9.986437340141707E-003
 -4.192474650165590E-003
 -1.333207833473571E-003
  3.905480857643862E-002
 -1.130589723752551E-002
 -3.914172741250610E-004
 -0.124110143115889     
 -3.886104855922334E-003
 -6.906681481833932E-003
 -5.335174297629930E-002
 -4.270154916513391E-003
 -3.465096687304658E-003
  6.466123496749021E-003
 -7.011062487809028E-003
 -1.101083532456970E-003
  1.871823461687544E-002
 -3.999415772296899E-003
  1.210841398343598E-004
 -6.496580155848808E-003
  5.338964800768176E-004
 -2.110500529660109E-004
  1.307875612860249E-003
  2.321046604774762E-002
 -4.086667538376709E-002
 -2.032055155376619E-002
  3.157822183626491E-002
  4.372995689342463E-003
 -9.023236777308236E-003
  8.754240703409949E-002
  4.349535440209595E-002
 -5.702242409380620E-002
  3.713491660223056E-003
 -1.758088342558584E-003
  5.943296145395571E-002
  2.943469611086291E-002
 -3.705984286660091E-002
 -1.497793476981341E-003
 -5.020816796560967E-005
 -2.220712045617823E-002
 -1.097378543247629E-002
  1.347832676207239E-002
  1.930627997265955E-003
  8.993010309185312E-003
  2.055871034651657E-003
  1.463853742374344E-003
 -1.204884902911596E-003
  7.269373168236615E-004
  2.268720356819937E-003
  4.245909672999981E-003
  2.178954849022752E-003
 -2.357871913926446E-003
  1.033017791257909E-002
 -3.373412163130113E-002
 -9.191785290332628E-002
 -3.223822888341631E-003
 -8.287400407762310E-003
  1.760191668068151E-003
  2.967742984178207E-003
 -9.657297657063135E-003
  2.153033290511261E-002
  5.725971122411547E-002
  2.757753700888266E-003
  4.494718594328678E-003
  1.844814622737584E-003
 -1.585163256925703E-003
  3.785276561795933E-003
 -8.293185257204030E-003
 -2.396758635549731E-002
 -1.232167345622953E-004
  6.698945654193857E-004
 -6.211559779089770E-003
 -8.239360759266061E-004
 -1.104437374712816E-003
  3.360927462480207E-003
  9.845480774328473E-003
  7.138334199725711E-003
 -2.517938968924130E-002
  1.363593819749274E-002
 -5.858714168036372E-002
 -2.565738458270388E-002
  3.951378550962698E-003
 -0.163440448977654     
  0.152051016407614     
  0.212535548817326     
 -5.621233004318243E-002
 -0.124948256442545     
 -0.189332282878459     
 -4.453009191633497E-002
 -0.220226094118936     
 -0.319577212172627     
 -7.559917027828167E-002
  0.109115892272780     
  0.175649132103692     
  4.096130552237144E-002
  0.109046264255609     
  0.464180129578991     
  0.292276520368199     
  0.160135003819309     
 -0.133393406664312     
 -0.117457761871843     
  0.102628776058201     
  0.255739483971400     
 -5.057565591888437E-002
 -7.901219310822208E-002
  0.111611468290276     
  1.854207857994138E-002
 -0.165496674878773     
  0.219961746735901     
  3.609004776899903E-002
  0.158548575239995     
 -0.226431427623792     
 -3.773449441283862E-002
 -6.323823402227463E-002
 -0.381671221968901     
  0.212947554475453     
  8.439909900374108E-002
 -0.130433085318766     
