  -3.66469254816909     
   5.29936513996700     
  0.601776056289502     
 -0.752313616873392     
  -2.61894599222527     
   2.66816876755202     
   1.57813371586358     
   3.54544188309809     
 -6.252671392704415E-002
 -7.295710507515687E-004
  7.580570062850891E-003
 -0.106494769662016     
 -2.350720840654869E-003
  1.282873117440319E-002
 -8.325534186966529E-002
 -4.853585178004117E-003
  9.805257029981222E-003
  6.932454152420765E-002
  3.544504427890726E-003
 -8.204407171775041E-003
  6.583635067246568E-002
  3.572591253685732E-003
 -7.778114737727876E-003
 -4.152719145580000E-002
 -3.026243626944068E-003
  4.856276836809448E-003
 -4.943033905873285E-002
 -3.857149199853435E-003
  5.772112713817320E-003
  1.551724206460534E-002
 -1.406045164382591E-003
 -7.723791990438930E-002
 -9.681896032963402E-003
  6.286144242083687E-002
  7.750265599900037E-003
 -2.993913883361447E-003
 -4.145098409944250E-002
 -4.829265164218501E-003
  3.181142993985835E-002
 -3.255877386278089E-003
  1.234187986478219E-003
  1.805839771611543E-002
  2.087302591178115E-003
 -1.338739809496945E-002
  2.867262737114946E-003
 -1.131185596766297E-003
 -1.557497088881745E-002
 -1.804851102078172E-003
  1.178494153545018E-002
 -3.194804312557501E-003
  1.088856093292952E-003
  1.726740333929421E-002
  2.022729889712275E-003
 -1.310520039487861E-002
  2.507319975318141E-003
 -1.422374492598783E-003
 -1.404581373934587E-002
 -1.566730110429748E-003
  1.038763743827743E-002
 -1.830110097161429E-003
  1.969671718860796E-003
  2.495513347539827E-002
 -4.708229675361244E-004
 -3.067976831191138E-003
 -6.869557643803762E-004
  6.746438456636515E-004
 -3.799361980703228E-004
 -5.384133911959245E-004
 -6.894187962688592E-003
  9.980921544712812E-005
  8.616257026307649E-004
 -2.447206774249392E-005
  1.347982945635551E-004
  2.323554520801042E-003
 -1.051053887481419E-004
 -3.589729482642968E-004
  2.459194578114440E-005
  2.504012818028710E-005
  3.165321437640360E-004
 -8.645602423814760E-004
  2.484014377420063E-004
 -2.586671371400608E-004
 -1.405701856344537E-003
 -1.068940284190700E-004
 -3.173716691318529E-003
  1.319139489184775E-004
 -5.660169077360721E-003
 -5.183157601970770E-004
  4.805041721217703E-004
 -0.624926807941272     
  0.319646332039526     
  0.232014321329618     
  0.528749876815350     
  6.395011969360088E-002
 -9.492083318484215E-002
 -1.244915749361134E-002
  3.301104052667853E-002
 -4.894816502696728E-002
 -6.424196311074350E-003
 -4.069137502921720E-002
  6.015295454406362E-002
  7.909225352671533E-003
 -1.566609704460598E-003
 -1.349931367044199E-002
  7.240173930091629E-003
  2.449976726962468E-003
 -3.543737311346977E-003
 -0.643745775828855     
  0.332972393276213     
  0.242686963528011     
  0.552898795472841     
  6.888456328133218E-002
  9.719282610405736E-002
 -3.526590757090083E-003
  3.580921574213075E-002
  5.035751379218840E-002
 -1.842525598069129E-003
 -4.441283785422583E-002
 -6.215593450127940E-002
  2.299533673067206E-003
 -3.014093408162504E-004
  1.416417638233749E-002
  7.084758690578719E-003
 -9.059553656614991E-004
 -4.135610265174312E-003
  -3.66343142998252     
   5.27664993710987     
  0.592151896018480     
 -0.751967507376662     
  -2.57820698753804     
   2.61658712406818     
   1.54298874084782     
   3.46400902777804     
  6.368155063076676E-002
  9.823639880156365E-003
  5.169964342818184E-003
  0.110805655271168     
  2.533613406395685E-002
  1.069412690941928E-002
  9.251877369340163E-002
  4.342098372029361E-002
  1.351981342296495E-002
 -7.531990436234505E-002
 -3.212206652604139E-002
 -1.033704422805112E-002
 -7.155648864195724E-002
 -3.257372923112712E-002
 -1.024092730690067E-002
  4.700073376463311E-002
  2.719107308560984E-002
  7.911023828193680E-003
  5.648967447652090E-002
  3.423343786266903E-002
  9.815370087815451E-003
 -4.711234404841232E-003
  4.396265915957137E-003
 -7.742129571248597E-002
 -3.894661632760855E-002
  5.176986926757395E-002
 -5.559900893962302E-003
 -1.279912905073795E-002
 -4.733838812507790E-002
 -2.372831850432692E-002
  2.730613499812181E-002
  2.269430546329605E-003
  5.040358566585345E-003
  2.100778982692939E-002
  1.033801708682559E-002
 -1.136608314372691E-002
 -2.149637644484538E-003
 -5.170394355612277E-003
 -1.779376838141431E-002
 -8.905463752871934E-003
  1.010258197144310E-002
  2.076292713850824E-003
  4.265778175564602E-003
  1.974891571418320E-002
  9.776550382402006E-003
 -1.108276463098939E-002
 -2.562636538552865E-003
 -7.678286784729828E-003
 -1.658425641428987E-002
 -8.414665728464941E-003
  9.220385470944189E-003
  6.413189271335933E-004
 -8.205644357920009E-003
 -2.454174541636508E-002
 -4.001226170621010E-004
 -1.187236710112307E-003
 -1.607382957910746E-003
 -9.107800769987977E-005
  4.840255933416536E-004
  1.657690692333209E-003
  5.889900402900228E-003
  2.012954475814276E-004
 -1.172900614392708E-004
  1.621477724327037E-003
  4.484444606615190E-004
 -1.774230878469279E-003
  1.187175068812743E-003
  1.615920857169873E-003
  3.446490988343092E-005
  6.967470321854465E-004
 -1.533677264315369E-003
 -6.997712517815356E-004
  2.921317945596825E-005
  5.294273914345278E-004
  6.396647663212521E-004
  4.226122870535984E-004
 -2.817729489985046E-003
  6.696276301075109E-004
 -5.108519213324529E-003
 -2.092239516204646E-003
  1.400749459317333E-004
 -0.740186707971646     
  0.403399339293929     
  0.299789163208448     
  0.682138559366686     
 -7.072248989186017E-002
 -0.118246670944024     
 -2.747175427905220E-002
 -3.774427432470700E-002
 -6.234269874586304E-002
 -1.450674239393547E-002
  4.804185660669726E-002
  7.864492782106622E-002
  1.832255340364448E-002
  3.224576751511868E-003
  1.442050341930067E-002
  9.456745774979783E-003
  4.776409923379186E-003
 -2.532013794537135E-003
 -0.593852096588002     
  0.296600070160654     
  0.213306671373312     
  0.486277215466111     
 -5.842774310882808E-002
  9.264250314547599E-002
  1.572723698048676E-002
 -2.956718658441649E-002
  4.714888494180894E-002
  8.013899372117111E-003
  3.602420022769542E-002
 -5.766856388781189E-002
 -9.808232295063923E-003
 -2.247021275501357E-003
 -1.274563138539576E-002
  7.510436810347952E-003
  2.676755831846842E-003
 -3.019484715061274E-003
