-3.665887227426857020e+00
5.329611350741331854e+00
6.131500317260972777e-01
-7.517200668224179871e-01
-2.668205253265706567e+00
2.739270143406143720e+00
1.630547212576466398e+00
3.669055199240976783e+00
-5.788364895153940565e-02
9.838330143780192128e-05
7.040775495752853684e-03
-9.464372607541818305e-02
-2.992387130026477647e-04
1.148936233619536444e-02
-6.248445655383240427e-02
-1.468846008953821839e-03
7.522395707279497419e-03
5.326381040290129737e-02
9.852514761082636300e-04
-6.425553792855431129e-03
4.750728572695192553e-02
7.222270203340330503e-04
-5.738860462459585525e-03
-2.538052137560365892e-02
-5.202544869137789869e-04
3.059299692053674916e-03
-2.958125174360100654e-02
-7.754888055115920654e-04
3.557268135725125732e-03
1.489214263491728946e-02
-3.779469847746409999e-04
-7.418971090657630607e-02
-9.412327717336948368e-03
6.019689063303183818e-02
6.533888106828976937e-03
-1.271704476349995276e-03
-3.598198639299207691e-02
-4.300937730595308546e-03
2.663227985141650156e-02
-2.809538943333442489e-03
6.386142970541035593e-04
1.610497264153142385e-02
1.893496498782482919e-03
-1.146935309946884099e-02
2.293205976524385643e-03
-3.745644660342980939e-04
-1.322067734050609566e-02
-1.568363101302746926e-03
9.331082611202015306e-03
-2.736690516226709773e-03
4.924345399790632351e-04
1.534310284273513597e-02
1.829295890596089377e-03
-1.114593164047660880e-02
1.797296518387256174e-03
-4.518537456339310077e-04
-1.105342951785568198e-02
-1.270949537974003620e-03
7.344434799042124512e-03
-2.206325732115157860e-03
2.062964225184921955e-03
2.646361707700063334e-02
-4.884398409598450725e-04
-3.246060393574275432e-03
-9.043510043585819246e-04
8.130415742743405619e-04
3.354006048247457278e-05
-6.377301082543474159e-04
-8.411505411441493399e-03
1.194485227737434962e-04
1.035201642859138018e-03
1.810868379939555386e-04
-1.127175904200227396e-05
1.758031046128342208e-03
2.440867305685242628e-05
1.549046975750570940e-03
1.912951798401315738e-06
-1.934617269691276331e-04
6.454931762993429845e-05
-6.630858790867614995e-04
2.676525775448960814e-04
-2.933447585166528782e-04
-1.462238953170799920e-03
-8.705696733012809594e-05
-3.236990710799282633e-03
1.470022102933884697e-04
-5.913079608532202831e-03
-5.343373575937024420e-04
5.219689719756518071e-04
-5.943001397610274683e-01
2.892734319200597204e-01
2.067070711247989412e-01
4.707482249180600653e-01
5.984526632839342469e-02
-8.938567471768421591e-02
-1.170130918669476904e-02
2.966598367718113749e-02
-4.405728060652629868e-02
-5.787981251342472211e-03
-3.614048329516070246e-02
5.321582406772328716e-02
7.028564275360841065e-03
-1.447217188081676743e-03
-1.298996353866458016e-02
6.925852621373133206e-03
2.344079252471730369e-03
-3.160669053157130239e-03
-6.030960223694821210e-01
2.929479230974986192e-01
2.095117221791535922e-01
4.768463014921180965e-01
6.328427960883371839e-02
9.006988619967883081e-02
-3.231509712452495468e-03
3.122132021854353429e-02
4.420461513341550353e-02
-1.605726483024765613e-03
-3.815722691375245113e-02
-5.354785555443520445e-02
1.986064618446955164e-03
-2.213238669062027428e-04
1.342268050954406773e-02
6.680542276845158160e-03
-8.783762074698084170e-04
-3.653240671415903217e-03
-3.665425466879530081e+00
5.325577089572074208e+00
6.101673558097684413e-01
-7.520952594157674920e-01
-2.655578883172808435e+00
2.724348153525391059e+00
1.620962701626161184e+00
3.647040916989535919e+00
5.708838927551496828e-02
2.249200286364285827e-03
3.326121551126210232e-03
9.440106951772446464e-02
6.744090360810023679e-03
6.110784661645030612e-03
6.519628442512799549e-02
1.303484820453206829e-02
5.911688533874837580e-03
-5.469662549397514423e-02
-9.255992424396702889e-03
-4.620503036300022646e-03
-4.871687121770969242e-02
-7.117687633919568026e-03
-3.887939823848027970e-03
2.706251238576528467e-02
4.742720669879097253e-03
2.319036939927152617e-03
3.199233748071091815e-02
6.678267245421524133e-03
2.957842532921388899e-03
-2.997603786080977380e-03
1.133639454825755705e-02
-7.170732527338032070e-02
-3.586093989143242233e-02
4.884558179886248908e-02
-2.620579656985075334e-03
-1.002640827014052247e-03
-3.764479138962786853e-02
-1.845717209998974651e-02
2.210420301860503353e-02
1.245128942357112993e-03
9.658855444192578164e-04
1.771859054529180758e-02
8.532444161909425243e-03
-9.544157616294398488e-03
-8.253745289450520675e-04
1.554265277667583683e-04
-1.389804120968913745e-02
-6.712721553246843789e-03
7.816696078559313282e-03
1.045662839343159149e-03
1.525306719892312736e-04
1.654419507110932441e-02
7.998198787040151567e-03
-9.252808312388569392e-03
-8.591695831143935898e-04
-7.951760086633698037e-04
-1.165472133217822226e-02
-5.636947138583075362e-03
6.352763323349560655e-03
9.086303791019829934e-04
-9.170449110900107462e-03
-2.688951484300971737e-02
-6.935628475087378831e-04
-1.814809828600378542e-03
-7.057444026525129055e-04
2.054520904629750667e-04
2.131252380203468844e-04
2.578655531199388739e-03
8.124715301515783930e-03
4.656101323949011226e-04
4.762116088800003857e-04
7.838348795425453125e-04
1.616265073023260158e-04
-1.421304148740599885e-03
6.945893815262589501e-05
-1.077602763698103441e-03
-2.884029364918118811e-04
-2.346254906161393734e-05
-5.179226601285353638e-04
-3.481696830427879184e-04
-8.863974106945496346e-06
4.551786229140057346e-04
8.198183156944582493e-04
6.337774844004230666e-04
-2.879282131007064940e-03
8.164031417537705561e-04
-5.421805205741973832e-03
-2.253018559814747804e-03
1.548823540558819014e-04
-6.428821712445650371e-01
3.100086633649989931e-01
2.235148479589582349e-01
5.070118419391357323e-01
-5.914527362969047158e-02
-1.018319708395871159e-01
-2.353585448063357649e-02
-2.848386450100042974e-02
-4.889756740927549833e-02
-1.130562478435598664e-02
3.563474270666731891e-02
6.034159239715196354e-02
1.397597585302389790e-02
2.817498054621358963e-03
1.279278317214716139e-02
8.491342425539907812e-03
4.183373770702993391e-03
-1.838167099316828559e-03
-5.816350375304486509e-01
2.851251689933937405e-01
2.038197462042375396e-01
4.643445881284584686e-01
-5.637383451272319490e-02
9.010842062501066285e-02
1.535728804200974656e-02
-2.807459372769657152e-02
4.476576345648115157e-02
7.626055930404815331e-03
3.414387461168268828e-02
-5.413234947365502120e-02
-9.211883351973317383e-03
-2.246326136778521547e-03
-1.259573717152456633e-02
7.439194593712186721e-03
2.605203822077407395e-03
-2.743493120502998699e-03
