  -25.5610122308724     
  -5.26703088153416     
  -22.1482812748413     
  -7.84608830391280     
  -9.27826886914477     
  -1.43676536473649     
   3.60170779211652     
 -0.997962088169652     
  5.470232487767457E-003
  1.834558847285672E-004
  4.609983235319470E-003
 -3.871382065651985E-002
  1.592594144279841E-002
 -2.674541707074707E-002
  9.877820673903015E-002
 -2.602727162465368E-002
  7.296572221304576E-002
  4.062977218158537E-002
 -1.001912279828887E-002
  3.033329492380110E-002
 -9.741180789668569E-003
  6.398051278303618E-003
 -5.932076442279222E-003
 -1.758121845431870E-002
  6.259962049958379E-003
 -1.241329552788506E-002
  5.551092036810590E-003
 -1.531508351217875E-003
  4.067227407540175E-003
 -3.923044888483625E-002
  2.137958655535413E-002
 -4.994069760691081E-002
 -2.786596074126937E-002
  7.238935442124519E-003
  6.300690551399350E-002
 -2.068058056384551E-002
  7.693914301418406E-002
  5.373960243946047E-002
 -7.419065079160014E-003
  4.061422667100267E-002
 -1.238473305766447E-002
  4.947130811135725E-002
  3.534610308606434E-002
 -4.489035760038229E-003
 -1.449899917015968E-002
  2.842399421143588E-003
 -1.734874529144909E-002
 -1.368112273281213E-002
  1.097828707919746E-003
 -9.256604209800789E-004
  4.244043552453225E-003
 -4.995173501692873E-003
 -3.979638561918408E-005
  1.041821343274574E-003
  2.081410653894666E-003
  6.325188102008494E-004
  1.644187329191221E-003
  2.271166499042729E-003
  1.064318025721933E-004
  1.432982061346348E-002
  3.509878553463465E-002
  5.448082321952168E-002
 -3.924140408653600E-002
  2.557851882776843E-002
  2.402916828015193E-002
 -7.785865621716875E-003
 -1.056945616711666E-002
 -2.200401096982364E-002
 -3.728307424531117E-002
  2.585864603853770E-002
 -1.712423400645913E-002
 -1.771638286570151E-002
  8.124397183525013E-003
  4.735959742089846E-003
  1.079602266994986E-002
  2.435287907736833E-002
 -1.614639773869216E-002
  9.636300259145539E-003
  1.099309471891495E-002
 -3.762630141802392E-003
  4.934336782595382E-003
  3.269851998801231E-002
  3.355041648888056E-002
 -3.697854526899478E-002
 -1.459032928535249E-002
 -1.122616599101332E-002
 -1.559356985765964E-002
 -9.555542104501928E-003
 -1.035445106324806E-002
 -0.106915468058851     
  8.533362095834575E-002
  0.257848225886611     
 -4.543996517749048E-002
  4.895751610490657E-002
 -0.102997708706388     
  5.635620690288695E-003
  0.108396710337610     
 -0.214499242520749     
  1.720794767844682E-002
 -0.124235935052509     
  0.261934026376936     
 -1.426718293941157E-002
  1.812746421355955E-002
 -0.293189574367562     
  0.299258424965742     
 -4.340504044437348E-002
 -7.065598267991627E-002
 -0.127420721289705     
  0.112247659832232     
  0.247281099367368     
 -5.219287117880604E-002
  7.365678661810787E-002
  0.100281898346948     
  9.432259888474535E-002
  0.147013391305214     
  0.188185859949983     
  0.184380731244288     
 -0.122419194972289     
 -0.171577640690889     
 -0.158496446176055     
  0.247386904908328     
  0.261450795734281     
  4.645275077875158E-002
  0.327726623280699     
  6.016005385276192E-002
  -25.5663205422688     
  -5.27147135999620     
  -22.1548461563668     
  -7.84838811769584     
  -9.27880085089605     
  -1.43539131571425     
   3.60252785603534     
 -0.998327593919470     
 -4.011241905312879E-003
 -1.959261762419118E-003
 -4.616316524196584E-003
  3.251588412884754E-002
  1.202871250296855E-002
  3.853138045285398E-002
 -7.987157601803840E-002
 -3.233026228672031E-002
 -9.358944459617646E-002
 -3.198784204928717E-002
 -1.310149294641150E-002
 -3.756714201804012E-002
  9.034480243138354E-003
  2.851887044074353E-003
  1.089546285912002E-002
  1.484175949536359E-002
  5.697649754100809E-003
  1.748573419898802E-002
 -4.545616336531499E-003
 -1.841291874005613E-003
 -5.324587640556100E-003
 -4.770685829432606E-002
 -1.325787265124290E-002
 -4.948259556757809E-002
  2.798886693352209E-002
 -1.544438379493379E-002
  6.829564885622741E-002
  2.091717368572010E-002
  7.642033923496563E-002
 -4.079306680091338E-002
  2.192947907183179E-002
  4.319989733606611E-002
  1.329495226358601E-002
  4.975867485551255E-002
 -2.653696000335426E-002
  1.396858639527099E-002
 -1.453190085774309E-002
 -4.767958436832559E-003
 -1.753301224228404E-002
  8.995508145177716E-003
 -4.668579376697235E-003
 -3.759480841307727E-003
 -4.474015739278636E-004
 -4.188134468531557E-003
  3.150144706142111E-003
 -1.432299113463875E-003
  1.355818999750041E-003
  6.276484284705175E-004
  1.916715258587526E-003
 -7.577173583507846E-004
  3.976435810051637E-004
 -1.653641195014056E-002
  1.875713840194396E-002
 -4.492034787656021E-002
 -4.223439015751317E-002
 -3.585708371284052E-002
  2.749582952453498E-002
  8.099842691118575E-004
  1.467000403716640E-002
 -1.153476912519781E-002
  3.071917687635206E-002
  2.870246066366627E-002
  2.410042026148296E-002
 -1.931503920988023E-002
 -2.228596762967244E-003
 -9.231139055794840E-003
  8.718502772088344E-003
 -2.009186683395916E-002
 -1.913253395305651E-002
 -1.615016310605280E-002
  1.291944977370697E-002
  9.971937548044138E-004
  1.045922630629236E-002
 -2.799417337403462E-002
  3.695279364850954E-002
  3.583889906859766E-002
 -8.664485511393063E-003
  2.589331001860201E-002
 -4.914189392248997E-004
 -7.301350200066052E-003
 -6.133375504851678E-003
 -0.113694819979371     
  9.354672398740316E-002
  0.255687220204880     
 -4.794662060779480E-002
 -4.659577026873533E-002
 -0.115537262644881     
 -2.333348149680833E-002
 -9.878478004607991E-002
 -0.234514164122627     
 -5.298040725767231E-002
  0.102010463972676     
  0.258463532134968     
  4.944508830137607E-002
  5.394878286353412E-002
  0.263068358845759     
  0.327227884492349     
  0.138344844706003     
 -4.048757855924678E-002
 -0.109543206454128     
  8.782441126099247E-002
  0.257204291281950     
 -4.630089232319327E-002
 -4.495689486086944E-002
  7.288809282719565E-002
 -8.157187658035360E-002
 -9.717880866960642E-002
  0.147206040839503     
 -0.173178439062330     
  0.107789169427231     
 -0.179072250014779     
  0.197100254701668     
  0.200565364399469     
 -0.177458635285663     
  1.939363712991088E-002
 -0.316492696541093     
  0.125293267437386     
