  -3.66525587269828     
   5.31755844740535     
  0.609400723451361     
 -0.751271959432749     
  -2.65150977219124     
   2.71182505960571     
   1.60802638898899     
   3.61487004598067     
 -4.737287107705519E-002
  9.778535573307491E-003
 -3.580196784663382E-002
 -7.832888490402519E-002
  1.224760164290674E-002
 -6.040694535489279E-002
 -5.430187000976114E-002
 -2.671535647686548E-003
 -4.531966284049633E-002
  4.574285278144673E-002
  4.980429952098523E-004
  3.764931252418857E-002
  4.288302821910500E-002
  1.302593233198970E-003
  3.555565919687238E-002
 -2.581411518852095E-002
 -3.667937032344368E-003
 -2.231518986376707E-002
 -3.027926105077638E-002
 -5.398598365719953E-003
 -2.655490051679203E-002
 -5.692921654499213E-002
  1.823456802012853E-002
 -6.776869015770655E-002
 -4.783242049094148E-002
  6.684165558945367E-003
 -2.754321375205610E-002
  2.035458114113345E-003
 -3.223301531035001E-002
 -2.826725115601025E-002
  1.003341546966458E-003
  1.163006126482756E-002
 -8.501324638528093E-004
  1.443056769387535E-002
  1.245022478590078E-002
 -3.499714105700404E-004
 -1.033629076477510E-002
  7.244685045385195E-004
 -1.220141560353604E-002
 -1.070487082166801E-002
  3.582035231899399E-004
  1.144381312294471E-002
 -1.196807947131781E-003
  1.400279229016393E-002
  1.184040981031887E-002
 -4.826300594176582E-004
 -9.101444969959162E-003
 -5.161526578810361E-004
 -9.920126874249974E-003
 -9.842492127596065E-003
  9.032203079456776E-006
  3.017059546711566E-003
  1.009776590097369E-002
  1.718705080008257E-002
 -1.219212843651465E-002
  7.693846214833088E-003
  6.742964105339653E-003
 -2.664500594271372E-004
 -4.243126066298243E-004
 -2.538764308752728E-003
 -5.472628202261741E-003
  3.596660161577515E-003
 -2.325981939461558E-003
 -1.982073807818069E-003
 -4.841495760700918E-004
 -9.993971818791866E-004
 -3.883687265082049E-004
  6.495425463827255E-004
 -1.669688500800383E-004
  1.513102115341207E-004
 -3.117607877851691E-004
  1.601444599399436E-003
  5.193860712847971E-004
  2.856627919447517E-003
  3.014453868662216E-003
 -3.536028769890204E-003
 -1.594588091236368E-003
 -1.578183633100982E-003
 -1.748690040155190E-003
 -9.103132404128910E-004
 -6.950816209902919E-004
 -0.571017317886936     
  0.283505934282058     
  0.203404446727111     
  0.464011814272370     
  4.079591422073670E-002
 -9.521456552647226E-002
  1.445732792574461E-003
  2.065864073736115E-002
 -4.834865028937776E-002
  6.901291617933478E-004
 -2.497395758728791E-002
  5.852183091573487E-002
 -8.046865550798717E-004
 -5.795626126064293E-004
 -9.829389916551226E-003
  1.086624375491187E-002
 -1.354341465337018E-003
 -2.121534136987169E-003
 -0.634599002975002     
  0.327562895765382     
  0.238575668407734     
  0.543481954734313     
  5.191777690548027E-002
  7.977991952721672E-002
  6.944356643424948E-002
  2.700461828951678E-002
  4.118484278731702E-002
  3.601803284194034E-002
 -3.349529351215020E-002
 -5.069436843259769E-002
 -4.454109245638878E-002
  6.904250082005779E-003
  9.296453397703273E-003
  1.920883094582194E-003
  1.111889413213590E-002
  2.410454466188023E-003
  -3.66570497324237     
   5.32523867100234     
  0.612984334123044     
 -0.750967966029410     
  -2.66694157570809     
   2.73206965483188     
   1.62180595167336     
   3.64680148515282     
  3.731073064772908E-002
  1.556157360181825E-002
  4.346736530384872E-002
  6.074759170937985E-002
  2.609316971412694E-002
  7.041541089199235E-002
  3.955880519381661E-002
  1.917183278058704E-002
  4.482052360942371E-002
 -3.386906525314444E-002
 -1.605095366760404E-002
 -3.856198677065775E-002
 -3.166180483677699E-002
 -1.514843651382465E-002
 -3.598035056170226E-002
  1.835773059643702E-002
  9.361711640300105E-003
  2.061031747896258E-002
  2.125918388254083E-002
  1.110132986587461E-002
  2.379422400714686E-002
 -6.130113360663957E-002
 -1.882146570986310E-002
 -6.888167875980968E-002
  3.670677904991086E-002
 -1.974069206413726E-002
 -2.571185306946881E-002
 -8.923364861417931E-003
 -3.433703399550699E-002
  1.723040788229590E-002
 -8.455553022480643E-003
  1.089077367317349E-002
  3.761454291616807E-003
  1.508776589273029E-002
 -7.643957690642199E-003
  3.622704697670783E-003
 -9.646078156042671E-003
 -3.338183898803899E-003
 -1.299532815383556E-002
  6.544566162120569E-003
 -3.180005637252119E-003
  1.091773692845688E-002
  3.712496141359601E-003
  1.460933176718284E-002
 -7.437074574421392E-003
  3.607028730801118E-003
 -7.798195874467904E-003
 -2.903071156775997E-003
 -1.108681210741662E-002
  5.360530734188418E-003
 -2.559323948178869E-003
 -3.310662486752818E-003
  7.088435596780466E-003
 -1.400383668573697E-002
 -1.347432286591715E-002
 -1.154748873352614E-002
  8.445330768994353E-003
 -8.276926986995424E-004
  6.355807084146143E-004
 -2.560706921348911E-003
  4.298729386474019E-003
  4.278093431787497E-003
  3.646730519700272E-003
 -2.603459637959110E-003
  5.211859547599570E-004
  1.319680632821090E-003
  1.095515476102543E-003
 -2.881599939688796E-004
 -5.571300997933438E-004
 -5.037005551617227E-004
  7.979068587700178E-005
 -8.433971069475407E-004
  8.963306488475874E-004
 -2.691453067654603E-003
  3.418881728406564E-003
  3.333014680210123E-003
 -1.153595134181621E-003
  2.888499557915077E-003
 -1.692824143350010E-004
 -5.345675400925027E-004
 -3.626603222911976E-004
 -0.595449534549494     
  0.300411325934480     
  0.216853248843873     
  0.494479524605220     
 -3.696217172282551E-002
 -0.100595913315417     
 -1.553995816925605E-002
 -1.898231706694098E-002
 -5.152052838686076E-002
 -8.028098090680405E-003
  2.319951389829334E-002
  6.272541018802939E-002
  9.884166830789916E-003
  5.727315559921606E-004
  8.777515219811695E-003
  1.169158020162502E-002
  4.573363951048275E-003
 -1.667701181922828E-003
 -0.582611022702686     
  0.291700463075260     
  0.209953594552051     
  0.478896349025407     
 -3.727581469667870E-002
  6.905756743205671E-002
 -7.030015639461702E-002
 -1.903983768863390E-002
  3.521406350736853E-002
 -3.589179757314979E-002
  2.313963384449770E-002
 -4.266138381816296E-002
  4.357263431293357E-002
  5.820375760811649E-003
 -6.703935862224429E-003
  9.387132819319236E-004
 -1.144829337018612E-002
  4.183795482933836E-003
