  -25.5790283819816     
  -5.27976518384779     
  -22.1705777239626     
  -7.85532448029348     
  -9.28224043195224     
  -1.43400188829307     
   3.60483012001167     
 -0.999079410899526     
 -2.985624014471444E-003
 -5.978626082847160E-003
  1.863528292280092E-003
  2.526977577287692E-002
  4.707633029209557E-002
  2.676406727035952E-003
 -6.165457863488721E-002
 -0.117703672069630     
  6.609877077180748E-003
 -2.311669308345499E-002
 -4.407066953798511E-002
  2.792989366097398E-003
  8.562447580236388E-003
  1.551251053883873E-002
  3.255966741338323E-003
  1.211134723705565E-002
  2.291775260096207E-002
 -3.599545937382764E-005
 -3.494697394128721E-003
 -6.706047396834280E-003
  4.765127820825499E-004
 -1.946704827300394E-002
 -5.145379446889278E-002
 -1.356623353965816E-003
 -5.086504759152288E-003
 -6.480327409803212E-002
  1.836921302878236E-002
  7.200559227805003E-002
  8.504368090756290E-003
 -6.408142408384720E-003
  8.298992050496107E-002
  1.226349729583065E-002
  4.441579898225212E-002
  2.351277105547223E-003
 -4.221557650379237E-003
  5.626322423322080E-002
 -2.195664939588671E-003
 -1.455152214998884E-002
 -2.070980450794832E-003
  4.176907190071244E-003
 -1.691199692709905E-002
 -3.904147263692259E-003
 -5.763400244639116E-003
 -6.299444777657648E-005
 -4.084694404677514E-003
 -6.592185223673386E-003
 -5.347022070365526E-004
  8.032433524210458E-004
  2.804466537682793E-005
 -1.657808409317507E-003
  1.445365705352294E-003
 -3.366802313557102E-002
 -4.759476133338096E-003
 -9.401365950674118E-003
  3.474649777963322E-002
  7.005262361937714E-003
 -4.860619850331606E-002
  9.394130173209420E-003
  2.378003151568069E-002
  4.047227360315230E-003
  1.169062062754116E-002
 -2.270343036235875E-002
 -4.394207462832367E-003
  3.269893995927076E-002
 -6.907529349350641E-003
 -1.822098062976706E-002
 -7.070700230877497E-003
 -7.690982589489907E-003
  1.760472437130665E-002
  5.158697410519442E-004
 -2.416557316234841E-002
  4.132946597527568E-003
 -1.233078152870361E-003
  4.734127425599038E-002
  2.101068944333290E-003
 -6.121351991241811E-003
 -3.414219087006093E-002
 -1.844619217093797E-003
  3.206474277438379E-002
 -1.391205760269486E-002
 -2.317940311953474E-003
 -0.115802710883500     
  9.479863068470253E-002
  0.257425844375887     
 -4.891172287656580E-002
 -3.134802382692571E-002
 -7.869098832526895E-002
  9.620484248797596E-002
 -6.497971984020665E-002
 -0.162427932822040     
  0.196727104275725     
  6.401720018816931E-002
  0.164985413857862     
 -0.218414008927169     
 -0.142622121538481     
  0.114186426327331     
  2.652518748520060E-002
 -0.357942309293369     
  0.196756924999130     
 -9.642420158413584E-002
  6.590263599723575E-002
  0.260466410845894     
 -3.933029496647523E-002
 -3.381847079799075E-002
 -5.152245485711680E-002
 -6.299551268465255E-002
 -7.756104819113094E-002
 -0.118498541160693     
 -0.141984093605885     
  0.113480804334694     
  0.170335580435710     
  0.223188811022274     
  0.181477790398063     
  0.146814250041768     
  3.174489945834903E-003
  0.276143185635515     
  0.120702367499778     
  -25.5585473229727     
  -5.26304761709830     
  -22.1454333171134     
  -7.84592257802716     
  -9.28087105384609     
  -1.43890909595198     
   3.60097551542617     
 -0.997611212474052     
 -2.032017254265384E-004
 -8.748562008389804E-003
  1.307230911766100E-003
 -2.888086293131753E-003
  4.374250799553758E-002
 -6.974963572310311E-003
  3.827296333534846E-003
 -0.126973832697034     
  1.970085626378326E-002
  1.273819513404106E-003
 -5.179924107220302E-002
  8.012360517210659E-003
 -1.257984457280648E-003
  9.349153403341415E-003
 -1.550415701035313E-003
 -1.172222813476509E-003
  2.145175233759966E-002
 -3.368836181833590E-003
  2.756271890993478E-004
 -7.110434917444897E-003
  1.103904577882120E-003
 -1.408714480528844E-002
 -8.646563943284225E-004
 -8.319501604267560E-003
  1.212792657483730E-002
  6.255575487758031E-002
  2.347730101233064E-002
  5.857163418876599E-003
  1.347099055914952E-002
 -2.003827433634542E-002
 -0.107338820236916     
  1.535133452445236E-002
  4.412332386530382E-003
  7.024793799461193E-003
 -1.263559997407243E-002
 -7.064460774962611E-002
 -5.568918315865951E-003
 -1.911639995314740E-003
 -2.861904824475514E-003
  4.661514075844697E-003
  2.594692649988239E-002
 -5.005779731818150E-004
  1.105686147528040E-003
  4.137419507217466E-004
  2.538609928454671E-004
  1.576881833724730E-003
  7.904876257714966E-004
  6.270829480996554E-004
  3.609726281440795E-004
 -6.505080951037384E-004
 -3.956363223978188E-003
  4.318568675041878E-004
 -1.481362383003795E-002
 -1.240390395749638E-002
  4.114878603102937E-002
  2.269923651021001E-003
  7.579723552369508E-002
 -1.499906298501744E-002
 -1.650096696895476E-004
  1.032503825165387E-002
  7.743651195833152E-003
 -2.422763024673544E-002
 -3.131280874893866E-003
 -5.161985108502581E-002
  1.031272665642981E-002
 -4.927363417761635E-004
 -5.509499431746320E-003
 -3.399770586938612E-003
  1.320672301116539E-002
  1.325348839450121E-003
  2.627467770914729E-002
 -5.446584363833329E-003
 -1.041899615243076E-002
 -3.766413840896585E-003
  8.149643112870780E-003
  1.114994122152273E-002
 -3.864696132912652E-002
  3.023317273123848E-003
 -5.013796729410680E-002
  1.970824087661743E-002
  2.082614794987117E-002
 -0.130002779633239     
  0.115893397256162     
  0.247696811740114     
 -5.338539200854191E-002
 -0.125418216699715     
 -0.101240526887509     
  1.452254244082202E-003
 -0.237323447394218     
 -0.198840140836578     
  3.876203064797051E-003
  0.207413287031894     
  0.160161085291661     
 -1.318167273853241E-003
 -7.925123006694606E-003
  0.427407927754515     
  5.095156537656195E-002
 -4.998303035993636E-003
 -0.256922563771217     
 -0.124238137470223     
  0.109049668049228     
  0.251871275938756     
 -5.208200436514074E-002
  0.122532940784704     
 -8.179791621540333E-002
  2.591016432455779E-002
  0.237274175811070     
 -0.165407360987696     
  5.126937955091336E-002
 -0.224111677962791     
  0.143351103896169     
 -4.646704972093684E-002
  0.118464528852524     
 -0.380150988023505     
 -2.015086667769792E-002
 -8.036250778813354E-002
 -0.262945763635214     
