  -3.66625661500026     
   5.32727372650375     
  0.614953422375215     
 -0.750375303480836     
  -2.67609447547302     
   2.74510991345661     
   1.63082670651095     
   3.66775201206791     
  2.722410445845418E-002
  5.250595589543360E-002
 -5.049798371264073E-003
  4.343648499017702E-002
  8.464013433010412E-002
 -1.179846197749101E-002
  2.596570510133334E-002
  5.312683481292242E-002
 -1.795600174804720E-002
 -2.296563474713813E-002
 -4.645478125203528E-002
  1.365566163649283E-002
 -2.143379584837319E-002
 -4.346015440426682E-002
  1.316354846589445E-002
  1.158704935071759E-002
  2.413682635384027E-002
 -9.953424690695668E-003
  1.304214758473564E-002
  2.745140147120161E-002
 -1.265363109493344E-002
 -1.767536750339719E-002
 -6.420083733510974E-002
 -3.937422214976053E-003
  5.702060463354965E-003
 -8.002820137863856E-002
 -3.831638920785372E-003
 -2.598598537878799E-002
 -9.495042889271588E-004
  9.673285048227049E-003
 -3.525552344177017E-002
  1.568197927234890E-003
  1.093023149902393E-002
  5.444102606303574E-004
 -4.070249519045115E-003
  1.462981155282301E-002
 -1.536346667737548E-003
 -9.543047607830550E-003
 -2.129498776646768E-004
  3.393660335567297E-003
 -1.315536978230456E-002
  1.787509049809020E-003
  1.096629292847963E-002
  6.004390923710788E-004
 -3.592154536393012E-003
  1.445239233273721E-002
 -7.123524704434571E-004
 -7.377275521141292E-003
  2.746087057567519E-004
  3.940619485105218E-003
 -1.123440172497216E-002
 -1.097287518527544E-002
 -3.032688738799314E-003
  2.208522498649696E-004
  1.246127950544302E-002
  1.133645224707525E-003
 -1.636780120626464E-002
  2.559044311168433E-003
  3.648364823459010E-003
  1.770593400307517E-003
 -8.610316823717896E-004
 -4.422514332837725E-003
  2.558600973625620E-004
  5.471004203164556E-003
 -7.166137657492649E-004
 -5.498012919371677E-004
 -1.308427538986777E-003
  2.449825976846064E-003
  1.499459346768299E-003
 -9.058539441378565E-004
 -1.225560940696344E-003
 -1.589702636826407E-004
 -8.489209144792752E-005
  4.425317986876082E-003
  4.811652868432989E-004
 -9.843678455395773E-004
 -3.281119390852972E-003
 -1.860977678299501E-004
  3.314617452619754E-003
 -1.205285535135471E-003
 -4.893031818884856E-004
 -0.609203956811150     
  0.308802894945436     
  0.222843916847148     
  0.508447574874752     
 -2.452440324266978E-002
 -6.371750934198678E-002
  8.555085598229101E-002
 -1.278429832349195E-002
 -3.304513684775801E-002
  4.375713413270398E-002
  1.570549692081894E-002
  4.043605086806749E-002
 -5.293807993633224E-002
 -5.288492807355975E-003
  2.983548900936891E-003
  4.198829143906533E-004
 -1.283078821673468E-002
  6.483159397852264E-003
 -0.551153197053652     
  0.271108547239279     
  0.193537535902651     
  0.442320165278683     
 -3.495841289321566E-002
 -5.203679083390805E-002
 -7.162183181697734E-002
 -1.772089301828521E-002
 -2.642821834646482E-002
 -3.604511094169750E-002
  2.112969510915719E-002
  3.155877856591557E-002
  4.277026237653526E-002
  6.786584469201573E-003
  4.621826101867135E-003
 -3.693202430334283E-004
  1.058749149655259E-002
  4.128551402385034E-003
  -3.66464555097060     
   5.30094510923202     
  0.602238049692142     
 -0.752249938382164     
  -2.62082858269472     
   2.67080870839071     
   1.58001764203550     
   3.54986304685111     
 -9.988958370819431E-004
  6.168498691939911E-002
 -9.455009172814562E-003
 -6.330322301462131E-004
  0.104908036724761     
 -1.594916451979228E-002
  2.425558270267250E-003
  8.144020443293754E-002
 -1.201845948354615E-002
 -1.549557185625436E-003
 -6.770253107324140E-002
  1.004967191196368E-002
 -1.692572213257886E-003
 -6.416052804687969E-002
  9.495375184984134E-003
  1.833057095036050E-003
  4.043317830534782E-002
 -5.891509690722121E-003
  2.431693806352166E-003
  4.812945728078621E-002
 -6.988027572928736E-003
 -2.102731825805417E-002
 -5.658210813299892E-003
 -1.183666818792932E-002
  1.788100133053631E-002
  9.646845282385701E-002
 -1.083408633976794E-002
 -5.216502206889666E-003
 -4.347015365488517E-003
  8.705798302556524E-003
  5.133974029629505E-002
  4.714108941027201E-003
  2.225331096787048E-003
  1.433555702673843E-003
 -3.667935119634144E-003
 -2.231404546510825E-002
 -4.056053551979420E-003
 -1.978537763368512E-003
 -1.519614642651921E-003
  3.230594630898055E-003
  1.923936700394716E-002
  4.549100644658929E-003
  2.037354080987040E-003
  1.646454642180111E-003
 -3.610295525564609E-003
 -2.145323202761391E-002
 -3.551475348999895E-003
 -2.166546881467050E-003
 -1.235043045295132E-003
  2.798787040261624E-003
  1.714536687378415E-002
 -1.279745647096050E-004
 -4.010124671943981E-003
 -3.339719381105450E-003
  1.384995582109403E-002
 -4.756525400336656E-004
  2.042620007459313E-002
 -4.105846796276276E-003
  1.310660734913113E-004
  1.036807306625527E-003
  7.527216911535683E-004
 -4.384604980525959E-003
  4.663508723687430E-004
 -5.119205484960371E-003
  1.060135830760327E-003
 -1.517743369586580E-004
  3.138441528184245E-004
  2.810185568495673E-004
  1.286770810484602E-003
 -9.050185221410792E-004
 -1.647421242871565E-003
  2.903916461147920E-004
 -7.191904379838826E-004
 -2.057580143851439E-004
  7.650366242655790E-004
  1.051262661726643E-003
 -3.824905445134938E-003
  4.307827302118261E-004
 -4.606393271045849E-003
  1.713862160477290E-003
  1.356768118489236E-003
 -0.641516919688046     
  0.331502408469677     
  0.241587475608971     
  0.550324275242309     
 -9.631139086143828E-002
 -7.027426032640961E-002
 -3.369897756655136E-005
 -4.985890357020435E-002
 -3.649149031715437E-002
  6.285399565116549E-007
  6.158028491277724E-002
  4.526199544111491E-002
 -2.940852158940515E-005
 -3.830174971517050E-004
  1.426632097450344E-002
  3.876557899254425E-004
  2.676981092104819E-004
 -8.068845713825108E-003
 -0.623132586813721     
  0.318448928078106     
  0.231118061739220     
  0.526633140360523     
  9.771457941498386E-002
 -5.817565490093676E-002
  1.957194028420861E-002
  5.034749286710585E-002
 -3.001077969279316E-002
  1.009151841333923E-002
 -6.192537688196102E-002
  3.701712621531620E-002
 -1.242753521203570E-002
  3.866865351117284E-003
 -1.273959202208898E-002
 -1.949555797028909E-003
 -2.283536803357863E-003
 -8.396434798769298E-003
